List of Equilibrium Structures

# Geometry of EQ 0, SYMMETRY = C2v 
C 	  -1.170987000000	  -0.195247000000	  -0.000000000000
H 	  -2.021921000000	   0.491290000000	  -0.000002000000
H 	  -1.232463000000	  -0.839760000000	   0.892933000000
H 	  -1.232460000000	  -0.839762000000	  -0.892932000000
O 	   0.000000000000	   0.589929000000	   0.000000000000
C 	   1.170987000000	  -0.195247000000	   0.000000000000
H 	   1.232457000000	  -0.839767000000	  -0.892929000000
H 	   2.021921000000	   0.491290000000	  -0.000009000000
H 	   1.232466000000	  -0.839755000000	   0.892937000000
Energy    = -155.025051458125 (-155.025051458125 :    0.000000000000)
Spin(**2) =   -0.000000000000
ZPVE      =    0.080319470057
Normal mode eigenvalues : nmode = 21
  0.001916592   0.002443046   0.006548416   0.034741830   0.048902864
  0.052264467   0.055399627   0.055958959   0.061973958   0.083423168
  0.086273665   0.087202762   0.087331306   0.088343866   0.090873585
  0.334702837   0.338112298   0.345335039   0.346074948   0.371528871
  0.371922045

# Geometry of EQ 1, SYMMETRY = Cs  
C 	  -1.085255121635	  -0.165123587960	  -0.282512427873
H 	  -1.759953066103	  -0.074410638327	   0.580594392578
H 	  -0.369770689845	  -1.140654360313	  -0.150198552205
H 	  -1.626898970114	  -0.046623652828	  -1.226489051127
O 	   0.052769813029	   0.676101270379	  -0.214498204268
C 	   1.092326523623	  -0.165000371498	   0.253725819570
H 	   0.397336457580	  -1.140616146904	   0.038712956099
H 	   2.010353462303	  -0.046428584875	  -0.330778448260
H 	   1.289091591167	  -0.074272927677	   1.331441515478
Energy    = -154.905106652740 (-154.905106652740 :    0.000000000000)
Spin(**2) =   -0.000000000000
ZPVE      =    0.094094536937
Normal mode eigenvalues : nmode = 21
  0.028587265   0.039407149   0.041128797   0.050984849   0.084167663
  0.105684882   0.110136740   0.114456302   0.116480120   0.121244007
  0.125853694   0.129703720   0.173684137   0.207846599   0.221496824
  0.221666977   0.229958604   0.240448817   0.261224356   0.338047148
  0.451977748

# Geometry of EQ 2, SYMMETRY = Cs  
C 	  -1.094048770099	  -0.477521838672	  -0.544815892999
H 	  -0.724945085503	   0.159659087949	   1.868621963312
H 	  -1.059572775408	  -1.475613565830	  -0.122953742890
H 	  -1.947561697473	  -0.062312772141	  -1.057479457804
O 	   0.016995594263	   0.206031312233	  -0.685689491654
C 	   1.212452679940	  -0.060839156083	  -0.215385901208
H 	   1.409512433670	  -1.029609714999	   0.229583752427
H 	   1.976596052107	   0.646585311497	  -0.497065937624
H 	   0.007240748607	   0.291935669332	   1.973102847612
Energy    = -154.890976372212 (-154.890976372212 :    0.000000000000)
Spin(**2) =    0.170315161921
ZPVE      =    0.066830237652
Normal mode eigenvalues : nmode = 21
  0.001491366   0.001772596   0.002303962   0.003575573   0.006109950
  0.008438763   0.008621127   0.009945473   0.013580243   0.015937694
  0.041456547   0.050876894   0.059658742   0.081483600   0.084119374
  0.088815110   0.381824636   0.384242432   0.420722504   0.421116836
  0.689715939

# Geometry of EQ 3, SYMMETRY = C1  
C 	  -1.367162821518	  -0.679384808519	  -0.512374722835
H 	  -0.714896125369	   0.654626558027	   0.933909510043
H 	  -0.720401834640	  -0.997360094859	  -1.359389274567
H 	  -2.003846339868	   0.086559745980	  -1.006688683486
O 	  -0.212457002289	   0.529874636030	   0.111852037361
C 	   1.016485343478	  -0.145722671492	   0.455744487577
H 	   0.779927231785	  -1.115533423065	   0.902810510121
H 	   1.555869729671	  -0.286989770575	  -0.480944333464
H 	   1.598881069800	   0.486524846496	   1.131715707546
Energy    = -154.879016174639 (-154.879016174639 :    0.000000000000)
Spin(**2) =   -0.000000000000
ZPVE      =    0.076796062320
Normal mode eigenvalues : nmode = 21
  0.000936563   0.001956933   0.003199813   0.006291589   0.015600205
  0.036926439   0.043491003   0.048370372   0.053479055   0.054362287
  0.073831477   0.081151099   0.082104857   0.086441980   0.089117687
  0.318376314   0.333516450   0.356603444   0.376552320   0.384377747
  0.531116410

# Geometry of EQ 4, SYMMETRY = C1  
C 	  -1.544091282581	  -0.454729594706	  -0.619138755421
H 	  -0.789813564557	   0.303490613714	   1.144226168046
H 	  -0.972706395145	  -1.397881590507	  -0.770750115457
H 	  -1.359990807918	   0.095029531180	  -1.563631308915
O 	  -0.326964633864	   0.375864196743	   0.295643189930
C 	   1.004390076798	  -0.178818094422	   0.377577240718
H 	   0.969080262361	  -1.224505071148	   0.699128670359
H 	   1.411591285572	  -0.114156678092	  -0.631281201637
H 	   1.608505059332	   0.418677687233	   1.068224112374
Energy    = -154.877911266700 (-154.877911266700 :    0.000000000000)
Spin(**2) =    0.000000000000
ZPVE      =    0.076408694773
Normal mode eigenvalues : nmode = 21
  0.000272064   0.001618410   0.002834161   0.006370880   0.016281371
  0.036499077   0.041382000   0.046246463   0.052242773   0.058437238
  0.067780167   0.079594204   0.083117977   0.086869338   0.087842437
  0.317080285   0.338196372   0.354162545   0.372252848   0.384944772
  0.540468340

# Geometry of EQ 5, SYMMETRY = C2v 
C 	  -0.922475599899	  -0.166777816628	   0.000017297672
H 	  -1.933327757235	   0.294257888643	  -0.000023731517
H 	  -0.923897866972	  -0.810824318723	   0.890362650753
H 	  -0.923833421776	  -0.810853247782	  -0.890328456738
O 	  -0.000000007075	   0.811366273491	   0.000037356328
C 	   0.922475558008	  -0.166777929607	  -0.000001944314
H 	   0.923827489212	  -0.810837577144	  -0.890357199683
H 	   1.933327588438	   0.294257805396	  -0.000041876696
H 	   0.923904017299	  -0.810840077648	   0.890333904196
Energy    = -154.962160979181 (-154.962160979181 :    0.000000000000)
Spin(**2) =    0.000000000000
ZPVE      =    0.089192449027
Normal mode eigenvalues : nmode = 21
  0.032595065   0.042330571   0.047220510   0.059505703   0.086849982
  0.099039028   0.114816156   0.119167866   0.119248093   0.127770841
  0.130904441   0.130943830   0.132055900   0.139796630   0.147843872
  0.225936999   0.226683827   0.239090420   0.241848289   0.246491970
  0.248309500

# Geometry of EQ 6, SYMMETRY = C1  
C 	  -1.121359584257	  -0.201967780776	   0.766970645173
H 	  -2.090432805926	   0.271900955196	   0.661453673241
H 	  -1.052289292797	  -1.271455016868	   0.967717000741
H 	  -0.148151640998	   0.441859106677	  -2.290829668825
O 	  -0.165460706073	   0.364303347741	  -0.007603197281
C 	   1.129307922360	  -0.217548991376	   0.126188451603
H 	   1.102991537486	  -1.290351936800	  -0.107657190954
H 	   1.778254454275	   0.293663247778	  -0.586290487186
H 	   1.505202255106	  -0.078628118319	   1.147108805353
Energy    = -154.863314956031 (-154.863314956031 :    0.000000000000)
Spin(**2) =    0.940006955366
ZPVE      =    0.068096734557
Normal mode eigenvalues : nmode = 21
  0.001032187   0.001586967   0.002035196   0.002790074   0.004370933
  0.007097548   0.017995125   0.035600302   0.049838087   0.052900238
  0.059681135   0.062615106   0.082534759   0.086484390   0.087601293
  0.088549113   0.347576210   0.362203458   0.367045067   0.379831674
  0.403873898

# Geometry of EQ 7, SYMMETRY = C1  
C 	  -1.899292665941	  -0.932842311199	   0.287204911779
H 	  -1.167913180832	  -0.147070117723	   0.079070001313
H 	  -2.477657590570	  -0.667554486687	   1.176624774396
H 	  -2.575607095948	  -1.038285494632	  -0.565705855515
O 	   0.907499330507	   1.294492909994	  -0.361541293698
C 	   1.801842040474	   0.487041644232	  -0.281393316010
H 	   2.865687744218	   0.769651017979	  -0.421513427645
H 	   1.614970294932	  -0.584015854990	  -0.063336675141
H 	  -1.387693092197	  -1.884335828612	   0.461038651174
Energy    = -155.020871480592 (-155.020871480592 :    0.000000000000)
Spin(**2) =   -0.000000000000
ZPVE      =    0.073407318842
Normal mode eigenvalues : nmode = 21
  0.000002259   0.000056997   0.000349228   0.000369813   0.000954415
  0.001048886   0.054481541   0.061874100   0.071003986   0.072131881
  0.072861385   0.091830254   0.096771719   0.097001729   0.128613322
  0.324296045   0.337096611   0.351635906   0.375992304   0.377581294
  0.379465859

# Geometry of EQ 8, SYMMETRY = C1  
C 	  -1.904092843391	  -0.789537502031	   0.245445327751
H 	  -1.252845191103	   0.067879385524	   0.121565163589
H 	  -2.122621360137	  -1.171636825266	   1.235477402601
H 	  -2.382048574572	  -1.241262925769	  -0.615561231445
O 	   0.832460665860	   1.322243117793	  -0.314591047634
C 	   1.649377027069	   0.223662385210	  -0.260058396596
H 	   2.500949731654	   0.283393092578	  -0.958243829431
H 	   2.082653963014	   0.232162286210	   0.762423799698
H 	   1.106982387611	  -0.730181705430	  -0.364150485501
Energy    = -154.891909907480 (-154.891909907480 :    0.000000000000)
Spin(**2) =    1.005648954217
ZPVE      =    0.068712475945
Normal mode eigenvalues : nmode = 21
  0.000168011   0.000201235   0.000297020   0.000469714   0.000796857
  0.002526819   0.010732342   0.027609881   0.036537479   0.047700786
  0.073846393   0.074915121   0.077580919   0.079131657   0.089942256
  0.322714663   0.339102688   0.349051114   0.371459042   0.413863475
  0.415170540

# Geometry of EQ 9, SYMMETRY = C1  
C 	  -1.817077095963	  -1.055570058285	  -0.130225503753
H 	  -1.593173315492	   0.014028827729	  -0.173385845296
H 	  -1.479502981570	  -1.463093889844	   0.826593159311
H 	  -2.896119862858	  -1.202338667253	  -0.226106923810
O 	   2.574814779637	   1.938025039046	   0.114822934900
C 	   2.272003942097	   0.771030017289	   0.163123060494
H 	   1.220100706166	   0.425444694104	   0.080071676477
H 	   3.026044229313	  -0.033760498622	   0.293853191633
H 	  -1.307090401342	  -1.570794464153	  -0.948747749941
Energy    = -155.019035633825 (-155.019035633825 :    0.000000000000)
Spin(**2) =   -0.000000000000
ZPVE      =    0.072351193268
Normal mode eigenvalues : nmode = 21
  0.000005286   0.000006120   0.000015073   0.000017073   0.000046271
  0.000068771   0.054402970   0.061924268   0.070996891   0.071439163
  0.071483835   0.092429736   0.095941337   0.096018669   0.129382653
  0.321995642   0.333576870   0.352459263   0.377710272   0.378243911
  0.378744556

# Geometry of EQ 10, SYMMETRY = Cs  
C 	  -1.042292900803	   0.174352115377	  -0.107890920555
H 	  -1.011378710812	   0.412741424780	   0.999466346703
H 	  -3.633816205578	  -0.295805378200	  -2.415699249609
H 	  -3.084910433910	  -0.195102094272	  -1.919324492641
O 	   0.187410927873	   0.080299197241	  -0.506770366110
C 	   1.345130024307	   0.260062303609	   0.362932401262
H 	   1.925007534946	  -0.664914974550	   0.333521458708
H 	   1.936810627589	   1.083113999309	  -0.043520981231
H 	   1.006627315866	   0.481840868685	   1.380546600934
Energy    = -154.892510530650 (-154.892510530650 :    0.000000000000)
Spin(**2) =    0.000000000000
ZPVE      =    0.067374990646
Normal mode eigenvalues : nmode = 21
  0.000024335   0.000062526   0.000876275   0.001329343   0.008539952
  0.008550514   0.011007384   0.019748880   0.028070547   0.051174000
  0.052113304   0.068719275   0.079308247   0.084563545   0.085365271
  0.087213667   0.273861610   0.353595374   0.377260220   0.381275540
  0.722875613

# Geometry of EQ 11, SYMMETRY = C1  
C 	  -0.938167799122	   0.173146851566	  -0.297113716196
H 	  -1.911696498175	   0.300718552535	   0.149880241443
H 	  -1.357742720618	  -2.575957861462	   0.343605430348
H 	  -0.772410259442	  -0.055777141614	  -1.344528575290
O 	   0.063357537509	   0.634095220767	   0.429462349462
C 	   1.328140058714	   0.762718671272	   0.087885142249
H 	  -1.497552809826	  -3.295518470736	   0.476682748893
H 	   1.655887808632	   0.436897109151	  -0.893204808108
H 	   1.985499121532	   1.072832521268	   0.884626446558
Energy    = -154.890130848644 (-154.890130848644 :    0.000000000000)
Spin(**2) =    0.318758703162
ZPVE      =    0.064643889300
Normal mode eigenvalues : nmode = 21
  0.000058454   0.000114688   0.000707777   0.002686309   0.003975964
  0.004062890   0.005025304   0.006667021   0.009594449   0.014043645
  0.040856646   0.050321774   0.059063758   0.079978981   0.083307510
  0.088059786   0.380496378   0.383042831   0.419904077   0.421480174
  0.734046974

# Geometry of EQ 12, SYMMETRY = Cs  
C 	  -1.216123392513	   0.520768690394	  -0.303217552737
H 	  -1.982303576726	   1.303734192875	  -0.543712552047
H 	  -2.190651732992	  -2.834152370771	   0.057631356511
H 	   0.861226225996	  -0.545011532032	   0.185207347887
O 	  -0.123641924794	   1.232332173504	  -0.243865046296
C 	   1.096378812436	   0.513441163401	   0.057195183329
H 	  -1.952707876773	  -2.129681620949	  -0.012557251890
H 	   1.784851489516	   0.673544525406	  -0.775876748121
H 	   1.513906868565	   0.944902096054	   0.969963978230
Energy    = -154.898381528991 (-154.898381528991 :    0.000000000000)
Spin(**2) =   -0.000000000000
ZPVE      =    0.068130112363
Normal mode eigenvalues : nmode = 21
  0.000053584   0.000127279   0.000984025   0.001430683   0.008837886
  0.008853594   0.010332742   0.019923282   0.032467876   0.052585308
  0.054072778   0.069821738   0.078918777   0.083575641   0.086657215
  0.087431717   0.302779567   0.357580485   0.379278313   0.382509321
  0.722584339

# Geometry of EQ 13, SYMMETRY = Cs  
C 	  -1.104750481524	   0.183045808921	  -0.360590254085
H 	  -1.389716149358	   1.220886064177	  -0.544948218067
H 	  -1.694121357184	  -0.257983607340	   0.446777316316
H 	  -1.199685659458	  -0.425906284933	  -1.262752849750
O 	   0.284290876921	   0.147423543915	   0.044681090387
C 	   0.896266095681	   1.301851211288	   0.108382526548
H 	   1.044868464482	  -2.314413503523	   0.503798401331
H 	   1.923213945938	   0.989135175785	   0.436113287947
H 	   1.239634264507	  -3.021067408302	   0.628536699375
Energy    = -154.896955408647 (-154.896955408647 :    0.000000000000)
Spin(**2) =   -0.000000000000
ZPVE      =    0.067325780352
Normal mode eigenvalues : nmode = 21
  0.000063823   0.000082099   0.000920303   0.001029596   0.003464243
  0.003760161   0.010139352   0.019765570   0.032599651   0.052462371
  0.054056699   0.068864897   0.079095379   0.083205613   0.086713737
  0.087380752   0.301278022   0.357323262   0.379123917   0.382111329
  0.745165504

# Geometry of EQ 14, SYMMETRY = C1  
C 	  -0.495401906903	  -1.113019021326	   0.441338682465
H 	  -2.177868875302	   1.812576350919	   0.264514389660
H 	  -1.279331150614	  -1.068191794497	   1.199906798950
H 	  -0.936388330074	  -1.380732326010	  -0.527427068847
O 	   0.103990917196	   0.173997882827	   0.390376454212
C 	   1.144326587215	   0.286910436180	  -0.477520660511
H 	   1.732924700496	  -0.606360855154	  -0.686911140516
H 	   1.621231175329	   1.259735961310	  -0.440118116900
H 	   0.242752192746	  -1.877511935809	   0.723175453096
Energy    = -154.862436251799 (-154.862436251799 :    0.000000000000)
Spin(**2) =    0.999762693919
ZPVE      =    0.066917124696
Normal mode eigenvalues : nmode = 21
  0.000122154   0.000165942   0.000683424   0.001179073   0.003327959
  0.006996029   0.016650430   0.035921719   0.050046222   0.052905053
  0.060400476   0.063846842   0.082642330   0.086824058   0.087398164
  0.088668254   0.345312553   0.359151207   0.367221730   0.377073602
  0.403354965

# Geometry of EQ 15, SYMMETRY = C1  
C 	  -1.440088270857	   0.010591427813	  -0.385276791610
H 	  -2.159169730940	   0.799027792703	  -0.577330926011
H 	   0.554195705789	  -1.149936448360	   0.959452722800
H 	  -1.505104925185	  -0.933340425171	  -0.927212560520
O 	  -0.202727845689	   0.486499086172	  -0.083848696233
C 	   0.792247427909	  -0.509707674307	   0.100068564596
H 	   0.891293964177	  -1.137194278319	  -0.797504828761
H 	   4.025122434660	   1.303097134261	   0.731627931647
H 	   1.734648581231	   0.011712546837	   0.282574348314
Energy    = -154.862332421886 (-154.862332421886 :    0.000000000000)
Spin(**2) =    1.002877221615
ZPVE      =    0.066669846324
Normal mode eigenvalues : nmode = 21
  0.000021061   0.000034076   0.000308775   0.001185321   0.003412568
  0.006996796   0.017353872   0.036039073   0.050125279   0.052940428
  0.060436025   0.064023148   0.082716833   0.086879618   0.087547695
  0.088593082   0.344732701   0.358549014   0.366451152   0.374984446
  0.402647206

# Geometry of EQ 16, SYMMETRY = C1  
C 	  -1.869092320892	   0.339217475837	  -1.069176173779
H 	  -1.897584023938	  -0.141662878866	  -0.070336952635
H 	   1.258577111610	  -0.163558003193	   1.777941741424
H 	  -2.856522176300	   0.587024655419	  -1.510633069234
O 	  -0.832518940853	   0.578362226889	  -1.640642550181
C 	   1.488598341168	  -0.707404670371	   0.857068610646
H 	   0.917559397070	  -0.286578773901	   0.024844785311
H 	   2.557741983386	  -0.619224862961	   0.644785818951
H 	   1.233240628750	  -1.763204168853	   0.986145789490
Energy    = -155.020867261773 (-155.020867261773 :    0.000000000000)
Spin(**2) =    0.000000000000
ZPVE      =    0.073380680957
Normal mode eigenvalues : nmode = 21
 -0.000000384   0.000051635   0.000348764   0.000375447   0.000941986
  0.001032984   0.054472887   0.061877698   0.070981453   0.072433964
  0.072602681   0.091858919   0.096786132   0.096976257   0.128619938
  0.324218793   0.337001212   0.351645356   0.376441418   0.377220086
  0.379354292

# Geometry of EQ 17, SYMMETRY = Cs  
C 	   0.199901254650	   0.350738990233	   0.900689084738
H 	  -2.363713518222	  -0.494547157953	  -1.223068494351
H 	   0.686299653141	   0.847899083353	   1.770276013192
H 	  -2.755415099761	  -0.790096007217	  -1.782710249209
O 	  -0.982601072812	   0.510383448986	   0.691224564936
C 	   1.119966531508	  -0.495578086666	   0.058983768922
H 	   0.576231599473	  -0.949036069339	  -0.772546046900
H 	   1.944049292302	   0.121154688199	  -0.323403757799
H 	   1.575281359727	  -1.277947889595	   0.680553116472
Energy    = -155.007335935579 (-155.007335935579 :    0.000000000000)
Spin(**2) =   -0.000000000000
ZPVE      =    0.068305322355
Normal mode eigenvalues : nmode = 21
  0.000073175   0.000134377   0.000862995   0.001191683   0.005420565
  0.005614612   0.009842179   0.023078024   0.030303166   0.049088401
  0.049619272   0.074684858   0.079170747   0.084020396   0.084980341
  0.127891320   0.319498125   0.350699112   0.363589421   0.379499847
  0.740302991

# Geometry of EQ 18, SYMMETRY = C1  
C 	  -1.219765807086	  -0.723113783616	  -0.014439493928
H 	  -2.193669720960	  -0.417787499664	  -0.403652925010
H 	  -1.281412339366	  -0.879415857403	   1.070678073440
H 	  -0.924067923216	  -1.684467809981	  -0.454966050807
O 	  -0.390113459889	   1.354905470456	  -0.916342574810
C 	  -0.176851999891	   0.322223349570	  -0.321746827577
H 	   0.847619404031	   0.081878404026	   0.044763799709
H 	   4.209858979604	  -0.634624787295	   1.137933288995
H 	   3.903417990257	  -0.065275439197	   0.771965901863
Energy    = -155.005643908453 (-155.005643908453 :    0.000000000000)
Spin(**2) =   -0.000000000000
ZPVE      =    0.066325585387
Normal mode eigenvalues : nmode = 21
  0.000000804   0.000007869   0.000039974   0.000093138   0.000137367
  0.000911575   0.009728024   0.023016462   0.030218083   0.048917032
  0.049598865   0.074487410   0.079118192   0.084016585   0.085083789
  0.128501210   0.317586975   0.350535701   0.363594034   0.378837267
  0.749304760

# Geometry of EQ 19, SYMMETRY = Cs  
C 	  -1.570246057164	  -0.437843953553	  -0.295487219313
H 	  -2.099120856467	   0.477666074864	  -0.021271686890
H 	  -1.967261740491	  -1.286676476690	   0.276859141412
H 	  -1.739346508069	  -0.666154416042	  -1.356106699420
O 	   0.430021441835	   0.701281573874	   0.419215172675
C 	  -0.092993693493	  -0.293455225110	  -0.034103419752
H 	   0.520402743627	  -1.186203491155	  -0.289446194887
H 	   3.616247821872	   0.151842142763	   0.659945860735
H 	   2.902296848353	   0.362514771035	   0.640393045437
Energy    = -155.007470322870 (-155.007470322870 :    0.000000000000)
Spin(**2) =    0.000000000000
ZPVE      =    0.068357293835
Normal mode eigenvalues : nmode = 21
  0.000044755   0.000087602   0.000925001   0.001293386   0.005760351
  0.006244534   0.009869319   0.023215664   0.030368534   0.049104586
  0.049705377   0.074541121   0.079005332   0.083982059   0.085039534
  0.127583809   0.321025681   0.350649873   0.363713156   0.379019742
  0.737922257

# Geometry of EQ 20, SYMMETRY = C1  
C 	  -1.674256340792	  -0.351343931610	  -0.022452189663
H 	  -1.757498438653	   0.256357956109	  -0.944633948099
H 	  -0.296780313936	   0.197996404498	   1.328641047339
H 	  -1.281429784851	  -1.322760295004	  -0.396540031548
O 	  -0.182215393858	   0.298873922773	   0.490460926486
C 	   1.077552016336	  -0.226669662506	  -0.011791221218
H 	   1.073814682054	  -0.010824350639	  -1.078868523994
H 	   1.909511634954	   0.287881783144	   0.479378753565
H 	   1.131301938750	  -1.306540826772	   0.155803187129
Energy    = -154.860884593429 (-154.860884593429 :    0.000000000000)
Spin(**2) =   -0.000000000000
ZPVE      =    0.086908648793
Normal mode eigenvalues : nmode = 21
  0.017269232   0.028910199   0.038041713   0.040984313   0.081000903
  0.090381609   0.109504401   0.110091884   0.114600857   0.116316995
  0.121486416   0.125395323   0.133500753   0.151598493   0.166828435
  0.215956603   0.219967667   0.225391231   0.235903747   0.241534610
  0.295110283

# Geometry of EQ 21, SYMMETRY = Cs  
C 	  -0.632305539312	   0.246589478914	  -0.078549888758
H 	  -0.503160982734	   1.329129754663	  -0.128060390926
H 	   1.291973026222	  -1.439315114171	  -0.452360964281
H 	  -1.612392755870	  -0.035531290356	   0.309856906450
O 	  -0.718712101255	  -0.137841144177	  -1.495367070936
C 	  -0.550127866884	  -0.613183887378	  -2.549205876357
H 	   1.580966675986	  -1.852374320460	  -1.006171797091
H 	   1.024933352723	  -0.099056378489	   3.029876965888
H 	   0.794345525698	  -0.139667372779	   2.322337841762
Energy    = -154.795302357367 (-154.795302357367 :    0.000000000000)
Spin(**2) =   -0.000000000000
ZPVE      =    0.055044118584
Normal mode eigenvalues : nmode = 21
  0.000022318   0.000100429   0.000611765   0.000871024   0.001085284
  0.001715833   0.002593194   0.003189167   0.004741543   0.004881987
  0.008319983   0.009160416   0.010296868   0.039185191   0.057893258
  0.082072642   0.140092224   0.362578445   0.388187321   0.708411908
  0.733028091

# Geometry of EQ 22, SYMMETRY = Cs  
C 	  -1.532074116996	   0.011168771249	  -0.566942824109
H 	  -2.113345711356	   0.220175154024	   0.331542528521
H 	  -0.949621728826	  -2.340274148591	  -1.303230972923
H 	  -1.430888616384	   0.876074168582	  -1.223097763208
O 	  -0.184537056267	  -0.202522032514	  -0.065550920586
C 	   0.864821923662	  -0.641864556011	   0.209749157725
H 	  -0.378458252322	  -2.823914847660	  -1.256520589780
H 	   2.676800405653	   1.102862962929	   1.745628268601
H 	   3.047303152827	   1.621265528002	   2.128421115771
Energy    = -154.794639802653 (-154.794639802653 :    0.000000000000)
Spin(**2) =   -0.000000000000
ZPVE      =    0.054632635498
Normal mode eigenvalues : nmode = 21
  0.000015904   0.000016482   0.000483927   0.000855653   0.001033229
  0.001832849   0.001939476   0.001972790   0.002702460   0.003953951
  0.009100595   0.010143817   0.011258127   0.037897724   0.058028208
  0.082182579   0.138327030   0.364837669   0.391140452   0.701943664
  0.746339254

# Geometry of EQ 23, SYMMETRY = C1  
C 	  -1.331294897398	   1.587270778815	   0.500011548813
H 	  -1.547181821762	   1.585101689639	  -0.605083120439
H 	  -0.611051765736	  -0.162345000944	   1.424668179386
H 	   2.025331507207	  -3.317312810000	   0.501592853303
O 	  -0.719107280837	  -0.087338720909	   0.463025029079
C 	   0.579459651785	  -0.174864757358	  -0.167009016493
H 	   0.397674042916	  -0.082195110097	  -1.237745764620
H 	   1.219284646371	   0.643522734110	   0.175179567170
H 	   1.026740067922	  -1.150118494336	   0.054590363099
Energy    = -154.727039460667 (-154.727039460667 :    0.000000000000)
Spin(**2) =    1.000743996359
ZPVE      =    0.064221316093
Normal mode eigenvalues : nmode = 21
  0.000038508   0.000056772   0.000503789   0.001302565   0.001554232
  0.002618359   0.005762770   0.017552187   0.037721737   0.042948552
  0.052077024   0.054571026   0.071003512   0.082929214   0.086250126
  0.088271414   0.300404098   0.352799353   0.372654869   0.384488440
  0.535160809

# Geometry of EQ 24, SYMMETRY = C1  
C 	  -1.427930094860	   1.098140362343	   0.463668659940
H 	  -1.448948299524	   1.340430399711	  -0.635711520358
H 	  -0.539190512448	  -0.697187280054	   1.120708607470
H 	  -0.526561451917	  -3.147335999337	  -0.157165715574
O 	  -0.505044545425	  -0.400538863206	   0.197175968194
C 	   0.870490461579	  -0.141234008992	  -0.167270761596
H 	   0.845665098563	   0.188577977048	  -1.205757863873
H 	   1.283816325864	   0.649021909057	   0.465595225003
H 	   1.447703018168	  -1.066903496574	  -0.081244599195
Energy    = -154.727153855196 (-154.727153855196 :    0.000000000000)
Spin(**2) =    0.998192814087
ZPVE      =    0.064461563881
Normal mode eigenvalues : nmode = 21
  0.000093146   0.000199789   0.000912025   0.001324535   0.001472785
  0.002628012   0.005647447   0.017395486   0.037760562   0.042900392
  0.051990951   0.054573671   0.071064127   0.082703718   0.086272601
  0.088306505   0.300362401   0.355771407   0.375167796   0.385044438
  0.535364024

# Geometry of EQ 25, SYMMETRY = C1  
C 	  -1.229176577067	  -0.189674213727	   0.013988094886
H 	  -2.061090468386	   0.520392334793	  -0.013070573609
H 	  -1.224029675909	  -0.712387476002	   0.981339941885
H 	  -1.363681911727	  -0.933944297405	  -0.783806683320
O 	  -0.037695098640	   0.567198409468	  -0.172861418928
C 	   1.105347582915	  -0.202459276557	  -0.203615107407
H 	   1.476906229826	  -0.722369173561	  -1.074647707409
H 	   1.864678828387	   0.079848756584	   0.508395195510
H 	   1.468741090598	  -0.583634063596	   0.744276258391
Energy    = -154.887451030189 (-154.887451030189 :    0.000000000000)
Spin(**2) =   -0.000000000000
ZPVE      =    0.091792977277
Normal mode eigenvalues : nmode = 21
  0.021154143   0.033256280   0.040933513   0.043769744   0.076775837
  0.094574631   0.109575314   0.112457930   0.116500656   0.118905852
  0.126366087   0.131695535   0.134667975   0.216533215   0.218399808
  0.229680911   0.231642289   0.237437176   0.242186949   0.333362663
  0.392444895

# Geometry of EQ 26, SYMMETRY = C1  
C 	  -0.724361851064	  -0.356563381176	  -0.184572158810
H 	  -1.207379122541	   0.530407230519	  -0.626902720205
H 	  -1.012854155653	   0.145035578647	   1.675247442582
H 	  -1.023205574321	  -1.219534116044	  -0.788682702085
O 	  -1.232605626758	  -0.618832280010	   1.119393434502
C 	   0.793294629785	  -0.195697553295	  -0.207989717663
H 	   1.157434950229	  -0.047783561456	  -1.231826757420
H 	   1.106727957625	   0.674236401671	   0.384295539954
H 	   1.278646821157	  -1.083787665833	   0.210106317031
Energy    = -155.034290025852 (-155.034290025852 :    0.000000000000)
Spin(**2) =   -0.000000000000
ZPVE      =    0.080399237449
Normal mode eigenvalues : nmode = 21
  0.002772538   0.003939781   0.006699107   0.024968887   0.030402415
  0.043504137   0.044818084   0.050060908   0.063730704   0.073948514
  0.077041729   0.079058804   0.087449536   0.087847204   0.090669150
  0.339131423   0.349754328   0.361269231   0.366079422   0.370414699
  0.528320886

# Geometry of EQ 27, SYMMETRY = C1  
C 	  -1.958393895266	  -0.482483931962	  -0.043567759823
H 	  -1.678048259645	  -0.951199237670	  -0.986684099038
H 	  -0.163158156905	  -0.510076624682	   0.644967447036
H 	  -2.993903803811	  -0.499151981448	   0.277223271699
O 	  -1.077162540254	  -0.530535701284	   0.996883627075
C 	   1.782809319978	  -0.089806695220	  -0.163153118404
H 	   1.377252795724	   0.630497733477	  -0.864549540620
H 	   2.165796755992	   0.255715962382	   0.790279068124
H 	   2.035016420545	  -1.086263566381	  -0.507839676961
Energy    = -154.895568252272 (-154.895568252272 :    0.000000000000)
Spin(**2) =    0.997127788550
ZPVE      =    0.069065878336
Normal mode eigenvalues : nmode = 21
  0.000031052   0.000132481   0.000196750   0.000696174   0.001682886
  0.002537250   0.011886426   0.015108784   0.016462845   0.045421198
  0.055632094   0.073863208   0.077659965   0.077824928   0.086036309
  0.367165330   0.371481182   0.402593179   0.413656432   0.413942979
  0.462708838

# Geometry of EQ 28, SYMMETRY = C2v 
C 	  -1.857830450598	   0.028987823716	  -0.031643253631
H 	  -1.680328057549	   0.433814866270	  -1.052064567675
H 	  -0.068015866146	  -0.382045526079	   1.297832508588
H 	  -1.894017348116	  -1.063010439166	  -0.238712886461
O 	  -0.009814260656	   0.001423550144	   0.403250414542
C 	   1.778568178849	  -0.481177080142	  -0.013803179124
H 	   1.729074102053	  -0.044668671408	  -1.035386444746
H 	   0.122838673599	   0.952537487888	   0.572076338117
H 	   1.514923253066	  -1.541292015289	  -0.221824061642
Energy    = -154.722403889507 (-154.722403889507 :    0.000000000000)
Spin(**2) =    0.000000000000
ZPVE      =    0.070375225810
Normal mode eigenvalues : nmode = 21
  0.000470875   0.000629644   0.000922779   0.003277533   0.004141574
  0.006771358   0.014862391   0.019098200   0.035749668   0.037399189
  0.044996735   0.046491293   0.080967404   0.081444533   0.112498843
  0.321166328   0.321833810   0.337877135   0.338362107   0.518306045
  0.541329283

# Geometry of EQ 29, SYMMETRY = C1  
C 	  -2.043462665984	  -0.788870813200	  -0.241402854473
H 	  -2.607868172604	  -1.451001447771	   0.429619214671
H 	  -0.378613616038	   0.271495236777	   0.353357566464
H 	  -2.536882754136	  -0.649435374814	  -1.213196148713
O 	   0.427768480017	   0.763824867177	   0.616819185373
C 	   1.539350267734	   0.055690662925	   0.112594685371
H 	   1.539390147353	  -0.020467860119	  -0.988029767784
H 	   2.437931286765	   0.607127221917	   0.408268127126
H 	   1.622387026901	  -0.965391492893	   0.521967991957
Energy    = -154.863111696015 (-154.863111696015 :    0.000000000000)
Spin(**2) =    0.643969576768
ZPVE      =    0.070140898370
Normal mode eigenvalues : nmode = 21
 -0.000011667   0.000177810   0.000223810   0.000999540   0.001105425
  0.003567081   0.014265215   0.045113414   0.047689758   0.051479575
  0.053266185   0.079526110   0.086301865   0.087790849   0.090205506
  0.334976225   0.342898841   0.347915104   0.365803506   0.379892311
  0.463510189

# Geometry of EQ 30, SYMMETRY = Cs  
C 	  -1.174949203581	  -0.288654567658	  -0.062654043046
H 	  -1.488716016326	   0.469164658073	   0.658474460174
H 	  -1.382672359593	  -1.285705124308	   0.331682519300
H 	  -1.662001971264	  -0.137601791034	  -1.031769772280
O 	   0.270696500173	  -0.171290537172	  -0.223836806370
C 	   0.862774278444	   0.075068877411	  -1.353589794250
H 	   0.042413033333	   0.170483820421	  -2.131340952205
H 	   1.680167418671	  -0.674159574098	   2.855783894183
H 	   1.489407537192	  -0.550135066957	   2.148027883756
Energy    = -154.891079590705 (-154.891079590705 :    0.000000000000)
Spin(**2) =    0.000000000000
ZPVE      =    0.066489029069
Normal mode eigenvalues : nmode = 21
  0.000044256   0.000066011   0.000743233   0.000870855   0.002979286
  0.003020134   0.010916526   0.019450829   0.027969056   0.051094666
  0.052058858   0.067725576   0.079605069   0.084138731   0.085383329
  0.087215270   0.271509725   0.353532085   0.377214903   0.381136958
  0.746300778

# Geometry of EQ 31, SYMMETRY = C1  
C 	  -2.093060228818	  -0.537282860036	   0.583878327263
H 	  -1.257156048125	  -0.002103258143	   0.126185854658
H 	  -2.641648622657	   0.139559535891	   1.244433130803
H 	  -2.763214032148	  -0.904702446567	  -0.197994019427
O 	   1.026706821871	   1.200690515879	  -0.988614679963
C 	   2.141069424313	   1.025296956724	  -1.136130820109
H 	   5.035553927435	   0.591448933203	  -1.532827538492
H 	   5.763930341226	   0.483957003417	  -1.633656946007
H 	  -1.712972147340	  -1.382664444663	   1.163900734763
Energy    = -155.004462228260 (-155.004462228260 :    0.000000000000)
Spin(**2) =   -0.000000000000
ZPVE      =    0.062426029840
Normal mode eigenvalues : nmode = 21
  0.000000997   0.000001358   0.000025625   0.000026368   0.000096528
  0.000190327   0.000205183   0.000585201   0.002383913   0.002384246
  0.071291602   0.071580843   0.071643513   0.096228464   0.096249423
  0.184992964   0.352955082   0.378233524   0.378405293   0.380047187
  0.748126893

# Geometry of EQ 32, SYMMETRY = C1  
C 	  -1.268088859371	  -1.112902422080	   0.721933834615
H 	  -2.326527630396	  -0.849446645619	   0.643559799755
H 	  -0.976259080636	  -1.129437401309	   1.775783148707
H 	  -1.108273066351	  -2.102455823188	   0.284407028163
O 	   1.584994155389	   2.350172588569	  -1.792770313342
C 	   0.949474651023	   1.587331239375	  -1.237794894474
H 	  -0.665579561943	  -0.374557630431	   0.186768799351
H 	   0.982659056658	  -4.530699795487	   2.247090455707
H 	   0.599306102950	  -3.943313665064	   2.002471567630
Energy    = -155.004186629756 (-155.004186629756 :    0.000000000000)
Spin(**2) =   -0.000000000000
ZPVE      =    0.061747942263
Normal mode eigenvalues : nmode = 21
  0.000000124   0.000008758   0.000023803   0.000026496   0.000073665
  0.000140105   0.000331085   0.000354421   0.000443257   0.000447044
  0.071057429   0.071892735   0.071974152   0.096354555   0.096454982
  0.185357061   0.352437136   0.377251929   0.377586792   0.380505929
  0.750001192

# Geometry of EQ 33, SYMMETRY = C1  
C 	  -1.968057388766	  -0.543842810374	   0.435989202845
H 	  -1.000410054721	  -0.186539302445	   0.074466858478
H 	  -2.190831157725	  -0.080833495802	   1.401083898741
H 	  -2.748034945133	  -0.279342562432	  -0.283193346205
O 	   1.366583464356	   0.938505805910	  -0.990943157441
C 	   1.464433217450	   1.845127346620	  -1.672289421454
H 	   3.776759308134	  -1.339852398447	   0.366991331011
H 	   3.234017097898	  -0.899903498388	   0.114912295004
H 	  -1.934459541544	  -1.630348084624	   0.552980338928
Energy    = -155.004238702083 (-155.004238702083 :    0.000000000000)
Spin(**2) =   -0.000000000000
ZPVE      =    0.061962056308
Normal mode eigenvalues : nmode = 21
  0.000000605   0.000004348   0.000005405   0.000018066   0.000095583
  0.000175890   0.000198023   0.000428389   0.001050985   0.001063952
  0.071303837   0.071534328   0.071618234   0.096200533   0.096223743
  0.184063299   0.352962592   0.378276346   0.378504584   0.379879662
  0.750796757

# Geometry of EQ 34, SYMMETRY = Cs  
C 	  -1.158776972096	  -0.774889584989	  -0.292967737129
H 	  -1.826675812538	  -1.221697952801	   0.458784395391
H 	  -1.581007315405	   1.096708055116	   0.078075707935
H 	  -1.646291802340	  -0.836282401306	  -1.277558111226
O 	  -0.779486775934	   0.554336048284	   0.041504077243
C 	   2.449533114558	  -0.246660750319	   0.190047737397
H 	   1.541351838180	   0.369948786832	   0.234449958366
H 	   3.376234895901	   0.304942294419	   0.406243842294
H 	  -0.236368923943	  -1.359496974963	  -0.326947599163
Energy    = -154.858240767736 (-154.858240767736 :    0.000000000000)
Spin(**2) =    0.728021893067
ZPVE      =    0.069840434433
Normal mode eigenvalues : nmode = 21
  0.000009240   0.000158771   0.000254569   0.000526544   0.001727415
  0.002081291   0.004163288   0.043014444   0.045158878   0.048789927
  0.053136303   0.073585203   0.086387894   0.088519474   0.089853617
  0.341699577   0.344242062   0.352434276   0.374354558   0.379299685
  0.534437246

# Geometry of EQ 35, SYMMETRY = C1  
C 	  -2.729955376663	   0.040816591047	   0.307270046917
H 	  -1.833229755714	  -0.382034478494	  -0.128123122208
H 	  -2.656902481403	   0.758993325646	   1.114766050173
H 	  -3.704703616133	  -0.252498182914	  -0.062771529997
O 	   0.392019637134	  -1.378886292922	  -1.151832389857
C 	   1.482980975804	  -1.089613984587	  -0.798881113554
H 	   2.421352439042	  -1.523569932964	  -1.245955038702
H 	   2.676006140568	   1.179317566371	   1.730878725572
H 	   2.364121199323	   0.729360707201	   1.226984915815
Energy    = -154.866197847230 (-154.866197847230 :    0.000000000000)
Spin(**2) =    1.006260659922
ZPVE      =    0.056026893455
Normal mode eigenvalues : nmode = 21
  0.000009312   0.000013410   0.000031336   0.000112325   0.000201319
  0.000417741   0.000490521   0.000654357   0.000977105   0.003130219
  0.003257183   0.008706926   0.048367691   0.077487378   0.078310911
  0.143419432   0.273016043   0.373321153   0.415003654   0.417408955
  0.740781898

# Geometry of EQ 36, SYMMETRY = C2v 
C 	  -1.656451167506	  -0.265677077705	   0.000663099194
H 	  -1.969144176384	   0.773244572479	   0.000241989422
H 	  -1.930766807088	  -0.803549209971	   0.908446855436
H 	  -1.931585393098	  -0.804527737122	  -0.906301176901
O 	  -0.000078283486	   0.019494468805	  -0.000125602528
C 	   1.656465360309	  -0.264682624865	  -0.000660208365
H 	   1.931209544103	  -0.803036325315	  -0.908036397504
H 	   1.968534175550	   0.774426599331	  -0.000942356146
H 	   1.931816747599	  -0.802721665641	   0.906711797393
Energy    = -154.917713497531 (-154.917713497531 :    0.000000000000)
Spin(**2) =   -0.000000000000
ZPVE      =    0.082009850314
Normal mode eigenvalues : nmode = 21
  0.012433914   0.017441114   0.018445982   0.031732168   0.080545856
  0.083443218   0.103600269   0.104293920   0.107394092   0.113584152
  0.114462544   0.115400504   0.115435895   0.126761016   0.127314401
  0.208936334   0.208975861   0.225189197   0.228732645   0.231481365
  0.234579249

# Geometry of EQ 37, SYMMETRY = Cs  
C 	  -0.510524028421	  -0.389768475394	  -0.128877336339
H 	  -1.909431268894	   0.929294687599	   0.218566840990
H 	  -0.990838720240	  -1.201832758009	   0.441722162883
H 	  -0.770746505649	  -0.538454910580	  -1.189974767698
O 	  -0.947845279224	   0.886120190526	   0.330791929052
C 	   0.997499448588	  -0.455212485468	   0.047787545689
H 	   1.384736093032	  -1.421839230596	  -0.293122049996
H 	   1.483428849415	   0.338843216738	  -0.528651655785
H 	   1.263721411403	  -0.324179234822	   1.101755331243
Energy    = -155.033799260213 (-155.033799260213 :    0.000000000000)
Spin(**2) =   -0.000000000000
ZPVE      =    0.080304200800
Normal mode eigenvalues : nmode = 21
  0.002379849   0.003426637   0.006588999   0.026058695   0.031454600
  0.041133110   0.047832699   0.054019493   0.063143471   0.064968924
  0.077127052   0.083077966   0.086719583   0.088789312   0.092227220
  0.336639075   0.341967997   0.353848340   0.370445733   0.371643322
  0.532365168

# Geometry of EQ 38, SYMMETRY = C1  
C 	  -1.039318581848	  -0.181077737110	  -0.004110629241
H 	  -1.878813846210	   0.512842375609	  -0.110863032085
H 	  -0.720188017417	  -0.234211495314	   1.035587820285
H 	  -1.303273067930	  -1.180514048396	  -0.360471556674
O 	   0.099262558852	   0.335069906666	  -0.732476870915
C 	   1.472267132259	  -0.809094797924	  -0.704387991578
H 	  -0.105057433061	   0.367868440824	  -1.682464100271
H 	   2.374454944751	  -0.452465330301	   2.630316034668
H 	   2.209467590893	  -0.543559273006	   1.907622280449
Energy    = -154.749963039694 (-154.749963039694 :    0.000000000000)
Spin(**2) =    0.998548001351
ZPVE      =    0.066315696084
Normal mode eigenvalues : nmode = 21
  0.000033646   0.000085657   0.000908535   0.001199685   0.002314633
  0.004906968   0.006363050   0.007274627   0.014209092   0.037886327
  0.043066111   0.052394390   0.069359856   0.083168884   0.086362543
  0.087955165   0.356188341   0.375083662   0.388036823   0.526629517
  0.721381519

# Geometry of EQ 39, SYMMETRY = Cs  
C 	  -0.725160787414	   0.462529035241	  -0.231774401235
H 	  -1.455441077443	   0.141634194195	   0.511557013774
H 	   0.059011015026	  -3.336802024272	   0.202205250917
H 	  -1.018585693102	   0.303309400309	  -1.269712220581
O 	  -0.079801925102	   1.709107778270	   0.039873667876
C 	   0.701078968704	   0.514231275034	   0.121982786778
H 	   0.043823373821	  -2.595419678454	   0.156454402146
H 	   1.455115703174	   0.392962977847	  -0.656150633109
H 	   1.019960422340	   0.231418041838	   1.125562133443
Energy    = -154.961901001072 (-154.961901001072 :    0.000000000000)
Spin(**2) =   -0.000000000000
ZPVE      =    0.068749651544
Normal mode eigenvalues : nmode = 21
  0.000001405   0.000043849   0.000248607   0.000798043   0.000968997
  0.025489676   0.028048964   0.030663263   0.041435681   0.049772964
  0.051348273   0.052257174   0.053456116   0.065014229   0.088767909
  0.093241733   0.364117404   0.365898379   0.382667711   0.386366226
  0.749165716

# Geometry of EQ 40, SYMMETRY = Cs  
C 	  -0.876149510200	  -0.006983726508	  -0.159850793971
H 	  -1.864439440618	   0.433343328899	   0.135791235871
H 	  -1.160873346576	  -1.037169084916	  -0.428306329523
H 	  -0.609237974701	   0.607838453474	  -1.034652437783
O 	  -0.044691195881	   0.131747293818	   0.973004738086
C 	   1.059417788253	  -0.504005309771	   0.252715338695
H 	   1.356980141137	  -1.459126892888	   0.697615112474
H 	   0.234252559284	  -0.516580338005	  -0.532179032711
H 	   1.904740979311	   0.173907275895	   0.095860168860
Energy    = -154.894712407169 (-154.894712407169 :    0.000000000000)
Spin(**2) =   -0.000000000000
ZPVE      =    0.091982420733
Normal mode eigenvalues : nmode = 21
  0.031638409   0.039594063   0.043360733   0.059509333   0.085511354
  0.104980564   0.109009854   0.117001244   0.117958604   0.122168318
  0.126530672   0.128569974   0.141028366   0.199894831   0.218357317
  0.221048813   0.233786351   0.236231628   0.246907277   0.279052743
  0.330298541

# Geometry of EQ 41, SYMMETRY = Cs  
C 	  -0.930807267216	  -0.155527448152	  -0.060431828588
H 	  -0.828599531369	   0.143637230773	  -1.121016275154
H 	  -0.927935153691	  -1.000523529910	   2.861107363917
H 	  -1.961129575148	  -0.197022459910	   0.346753462186
O 	   0.033824524212	  -0.423736279157	   0.620040843796
C 	   1.652406110638	   0.276881928156	  -2.217034202886
H 	   2.632812819195	   0.346642157029	  -2.708659188348
H 	   1.701722059608	  -0.031608774340	  -1.163520483761
H 	  -1.372293986223	  -1.135771824561	   3.442758308909
Energy    = -154.822104887182 (-154.822104887182 :    0.000000000000)
Spin(**2) =    0.720389245119
ZPVE      =    0.058346775079
Normal mode eigenvalues : nmode = 21
  0.000055251   0.000056659   0.000471722   0.000526803   0.000545717
  0.001384494   0.001513061   0.001961997   0.001968572   0.005292501
  0.005959731   0.048377912   0.055455417   0.062485499   0.090955548
  0.126335861   0.326752128   0.343877628   0.345346672   0.379865780
  0.739759052

# Geometry of EQ 42, SYMMETRY = C1  
C 	  -2.000749631729	   0.124007363838	   0.166402811624
H 	  -2.262153591348	   0.928397368389	  -0.510710833426
H 	  -2.472659391544	   0.075087760369	   1.140450823124
H 	  -1.322423774884	  -0.659125183917	  -0.151838988767
O 	   0.908415512820	  -1.687505541702	  -0.394944770880
C 	   1.507792099183	  -0.790055448762	   0.148920178736
H 	   2.438249582531	   1.375249097704	  -1.809070688108
H 	   0.990789410331	   0.105744721189	   0.547588348067
H 	   2.609015911811	  -0.814089955734	   0.281902046956
Energy    = -154.842353096671 (-154.842353096671 :    0.000000000000)
Spin(**2) =    1.003696863111
ZPVE      =    0.059220099069
Normal mode eigenvalues : nmode = 21
  0.000028586   0.000076017   0.000230145   0.000298150   0.000452439
  0.000482944   0.000579451   0.001358741   0.002623051   0.010991062
  0.054476333   0.061983546   0.077597678   0.078987084   0.091312971
  0.127725800   0.324546425   0.338238661   0.371547857   0.413942897
  0.415195497

# Geometry of EQ 43, SYMMETRY = Cs  
C 	  -2.246736181317	   0.015895498698	   0.681069310232
H 	  -2.434309736467	   0.936931219186	   1.219914782779
H 	  -2.704476743038	  -0.903796341940	   1.025289945366
H 	  -1.661848987723	   0.026518339439	  -0.231290182993
O 	   0.468104764297	  -0.154240801498	  -1.478274707793
C 	   1.146878428362	  -0.357285506732	  -0.500049393928
H 	   4.474404022545	  -0.828267931967	  -0.669240610395
H 	   2.245977758968	  -0.511578046751	  -0.566410549044
H 	   0.712006674377	  -0.401205428412	   0.518989405773
Energy    = -154.842659405857 (-154.842659405857 :    0.000000000000)
Spin(**2) =    1.003568440290
ZPVE      =    0.059253322913
Normal mode eigenvalues : nmode = 21
  0.000060344   0.000068121   0.000240324   0.000323607   0.000488793
  0.000587368   0.000663855   0.001528104   0.002638787   0.011006171
  0.055024350   0.061836855   0.077605476   0.078953885   0.091141933
  0.128058450   0.317655480   0.335302467   0.371627692   0.414002295
  0.415280131

# Geometry of EQ 44, SYMMETRY = Cs  
C 	  -1.226005789023	   0.476459819215	  -0.094412363915
H 	  -1.368883774916	   1.492993294904	  -0.442398549891
H 	  -2.009604970648	  -0.179271146853	   0.248551760187
H 	   0.160156258408	  -2.586204811733	   0.826403351483
O 	  -0.014199620581	  -0.042162561172	  -0.070536557965
C 	   1.124761475719	   0.518085926274	  -0.426786136586
H 	   1.130213342956	   1.537165903984	  -0.795921985616
H 	   1.994939947437	  -0.108487419425	  -0.317913469925
H 	   0.208623130655	  -3.285608005200	   1.073011952229
Energy    = -154.889857761809 (-154.889857761809 :    0.000000000000)
Spin(**2) =    0.324907577124
ZPVE      =    0.063639872700
Normal mode eigenvalues : nmode = 21
  0.000047854   0.000062384   0.000090501   0.000679856   0.002245534
  0.002634122   0.002778270   0.006284158   0.009118538   0.013912302
  0.040512239   0.049933512   0.058689999   0.080215159   0.083091363
  0.087787649   0.382555952   0.384839949   0.423132701   0.423589065
  0.747807372

# Geometry of EQ 45, SYMMETRY = Cs  
C 	   0.446610308787	  -0.578554800297	  -0.897052643256
H 	  -2.607526645525	   0.714001115599	   0.766618642337
H 	  -2.098254879690	   0.173233572171	   0.708715123150
H 	  -0.209503570389	   0.119105974006	  -1.417224766628
O 	  -0.105246176646	  -1.174575521009	   0.282608832708
C 	   0.964450310249	  -0.234146547648	   0.433371582262
H 	   1.910229388987	  -0.657110998957	   0.772004269452
H 	   1.010815846113	  -1.255291913068	  -1.538746354841
H 	   0.688425418137	   0.716310119221	   0.889703314831
Energy    = -154.963717468685 (-154.963717468685 :    0.000000000000)
Spin(**2) =   -0.000000000000
ZPVE      =    0.070382189940
Normal mode eigenvalues : nmode = 21
  0.000112956   0.000155646   0.001491185   0.006544066   0.006895007
  0.025572898   0.027782544   0.030729723   0.041558987   0.050144927
  0.051240403   0.052309908   0.053589121   0.065171337   0.088583996
  0.093060783   0.365320304   0.366965867   0.384231231   0.387889378
  0.734842678

# Geometry of EQ 46, SYMMETRY = Cs  
C 	  -1.170103796167	  -0.213289987739	   0.000116909170
H 	  -1.994018240676	   0.506490626485	   0.000363077536
H 	  -1.262022437990	  -0.857366390806	   0.892113780260
H 	  -1.262300873051	  -0.857103459694	  -0.892037543062
O 	   0.027922433789	   0.524608555475	   0.000020378051
C 	   1.186951854147	  -0.337306241694	  -0.000137026417
H 	   1.225697707826	  -0.662780311346	  -1.164762126104
H 	   2.022069207346	   0.382677968868	  -0.000104195250
H 	   1.225804144781	  -0.662959759545	   1.164424745819
Energy    = -154.974820389384 (-154.974820389384 :    0.000000000000)
Spin(**2) =   -0.000000000000
ZPVE      =    0.083646453972
Normal mode eigenvalues : nmode = 21
  0.021532761   0.033529979   0.040761022   0.042583634   0.069964107
  0.088318372   0.102515531   0.105682679   0.106050741   0.109971938
  0.114711146   0.117032437   0.118547283   0.124258765   0.131828955
  0.184079555   0.211591075   0.218135743   0.226731465   0.233353885
  0.234531843

# Geometry of EQ 47, SYMMETRY = C1  
C 	  -1.527308124076	  -0.633414017673	   0.821542624008
H 	  -2.091591185982	   0.293383880558	   0.958703471103
H 	  -0.933129672278	  -0.831296908899	   1.718684720723
H 	  -0.870994623164	  -0.539690087150	  -0.048045092360
O 	   1.025730429006	  -0.154911764726	  -1.731720267077
C 	   1.916311188457	   0.250756946794	  -1.024245543131
H 	   2.911322460504	   0.528287034528	  -1.429523183634
H 	   1.794462399476	   0.370493470344	   0.071434685365
H 	  -2.224802871945	  -1.460637553783	   0.663166585094
Energy    = -155.020869122714 (-155.020869122714 :    0.000000000000)
Spin(**2) =    0.000000000000
ZPVE      =    0.073383487584
Normal mode eigenvalues : nmode = 21
 -0.000003366   0.000053413   0.000348277   0.000375752   0.000946385
  0.001033531   0.054479031   0.061877426   0.070989886   0.072231215
  0.072775720   0.091841077   0.096778855   0.096981974   0.128626405
  0.324235997   0.337030899   0.351653938   0.376198720   0.377452301
  0.379420151

# Geometry of EQ 48, SYMMETRY = Cs  
C 	  -1.843577893017	  -0.385547040791	  -0.808597595717
H 	  -2.672025857684	  -0.238888381121	  -0.114466179627
H 	  -0.059031952762	  -2.149539985622	  -0.467713060224
H 	  -1.983657814526	   0.140864831382	  -1.753541880747
O 	  -0.740833193329	   0.332021139797	  -0.179218903567
C 	   0.272643883806	   0.639222066021	   0.317578571598
H 	   0.634946180803	  -2.217326710504	  -0.191926263373
H 	   3.074857584150	   0.269405819080	   1.412688948816
H 	   3.761933120422	   0.185114022114	   1.682980161626
Energy    = -154.794533924054 (-154.794533924054 :    0.000000000000)
Spin(**2) =   -0.000000000000
ZPVE      =    0.054477279709
Normal mode eigenvalues : nmode = 21
  0.000005960   0.000011681   0.000407180   0.000805456   0.000979607
  0.001590515   0.001783818   0.001977237   0.002682105   0.003654048
  0.008847489   0.010129833   0.011261799   0.038205694   0.057954502
  0.082161236   0.139031933   0.363964009   0.390069727   0.702204824
  0.748134276

# Geometry of EQ 49, SYMMETRY = Cs  
C 	  -1.164240040782	  -0.180483406704	  -0.000002296789
H 	  -2.059396287983	   0.445758643096	   0.000003902985
H 	  -1.177028310990	  -0.826534078392	   0.895759599250
H 	  -1.177021997406	  -0.826512148070	  -0.895779580841
O 	  -0.051411778595	   0.676875345878	   0.000011989500
C 	   1.158478884011	  -0.013989769412	  -0.000001441014
H 	   1.195325189290	  -0.996205477449	  -0.423353928660
H 	   2.079951796403	   0.540250923723	  -0.000030432935
H 	   1.195342546051	  -0.996189032671	   0.423390188508
Energy    = -154.891510430659 (-154.891510430659 :    0.000000000000)
Spin(**2) =   -0.000000000000
ZPVE      =    0.091839537932
Normal mode eigenvalues : nmode = 21
  0.022395183   0.034268527   0.040726709   0.045494543   0.084244686
  0.085137100   0.111287648   0.112469660   0.118411117   0.118668154
  0.129482602   0.136011956   0.142270802   0.217120115   0.220066243
  0.224909198   0.232923012   0.237799439   0.239119029   0.321417544
  0.373850197

# Geometry of EQ 50, SYMMETRY = C1  
C 	  -1.226810750316	  -0.290977965288	  -0.139880078010
H 	  -1.934586742301	   0.540049097356	  -0.096525830852
H 	  -1.212245999872	  -0.724106937606	   0.868291397098
H 	  -1.901670688071	  -1.141562565883	  -0.717234235667
O 	   0.110402740270	   0.622555340377	  -0.041415928818
C 	   1.291287776092	  -0.155374870391	   0.013716714242
H 	   1.520793736749	  -0.651406466331	  -0.940276339392
H 	   2.102884462630	   0.543559368452	   0.246409953497
H 	   1.249945464817	  -0.919764000689	   0.806912347895
Energy    = -154.957252763195 (-154.957252763195 :    0.000000000000)
Spin(**2) =   -0.000000000000
ZPVE      =    0.083133995592
Normal mode eigenvalues : nmode = 21
  0.017717222   0.028161451   0.037095473   0.041299287   0.071951349
  0.081286204   0.095668761   0.100294870   0.110960413   0.112328918
  0.116785385   0.117619304   0.119258949   0.125621415   0.130798855
  0.182014681   0.217317220   0.222685329   0.228891858   0.232740337
  0.233125370

# Geometry of EQ 51, SYMMETRY = C1  
C 	  -2.253629210990	  -0.729351602293	   0.265552811178
H 	  -1.237005429869	  -0.353825254328	   0.287488391087
H 	  -2.524476174040	  -1.604575003066	   0.843565044976
H 	  -3.005715652927	  -0.227362864321	  -0.330760254429
O 	   2.049303714351	   0.656135631649	  -0.993632555366
C 	   1.586729337509	   0.158806462139	   0.193860622292
H 	   2.003142444784	  -0.040371262960	  -1.666050173682
H 	   1.678598278777	   0.868825442908	   1.007600211497
H 	   1.703052692405	  -0.905310549751	   0.392373902440
Energy    = -154.891937220069 (-154.891937220069 :    0.000000000000)
Spin(**2) =    1.006259403521
ZPVE      =    0.068483942803
Normal mode eigenvalues : nmode = 21
  0.000012194   0.000028960   0.000113600   0.000202605   0.000553499
  0.000827301   0.008281813   0.008863724   0.018628712   0.043683163
  0.056552770   0.072341033   0.077414137   0.078315739   0.086188162
  0.370272356   0.371258076   0.404776505   0.413835795   0.414812114
  0.534894718

# Geometry of EQ 52, SYMMETRY = C1  
C 	  -1.343506740970	  -0.224420267161	  -0.368550203650
H 	  -1.245326499229	   0.473518222133	  -1.209660363069
H 	  -0.565104085394	   0.462061903253	   1.417320389457
H 	  -1.043067234437	  -1.241655463816	  -0.643682806780
O 	  -0.130322412919	   0.252408901065	   0.572686833973
C 	   1.000614709660	  -0.564567020230	   0.745637229521
H 	   0.358545522688	  -0.204274661367	  -1.895908367144
H 	   1.622033427462	  -0.257010184052	   1.580447814919
H 	   1.371317612823	  -0.892099296160	  -0.217401810258
Energy    = -154.716024589494 (-154.716024589494 :    0.000000000000)
Spin(**2) =    0.893813753501
ZPVE      =    0.065491159966
Normal mode eigenvalues : nmode = 21
  0.000511007   0.002598803   0.003673296   0.004667540   0.006394350
  0.008477937   0.010872798   0.017016823   0.019039624   0.037236802
  0.043599752   0.045747871   0.052357405   0.066801248   0.076088047
  0.077493507   0.348481114   0.375151608   0.378115156   0.416326899
  0.525559992

# Geometry of EQ 53, SYMMETRY = Cs  
C 	  -0.447003782565	  -0.040216544808	   0.133477628914
H 	  -1.147010413399	   0.421702446468	  -0.570221083441
H 	  -0.995643209435	  -0.306275420261	   1.042754250705
H 	  -0.423444718830	  -2.016640541261	  -0.760793970910
O 	   0.516451116705	   2.350410269657	   1.120550525862
C 	   0.288405358926	  -1.232235366685	  -0.473533523911
H 	   0.846173213019	  -0.946050026703	  -1.371814743089
H 	   0.285338671989	   0.751268289193	   0.421999436676
H 	   0.997068931902	  -1.672011745928	   0.236611996913
Energy    = -154.866329670678 (-154.866329670678 :    0.000000000000)
Spin(**2) =    0.981920433388
ZPVE      =    0.074539215645
Normal mode eigenvalues : nmode = 21
  0.000083856   0.000178303   0.000363731   0.003627823   0.026080068
  0.026594928   0.038957034   0.057010047   0.057072016   0.071086706
  0.078050280   0.078059080   0.085859113   0.087663448   0.088775641
  0.288543970   0.351109464   0.359586409   0.365957943   0.367118377
  0.373170593

# Geometry of EQ 54, SYMMETRY = Cs  
C 	  -1.313300572393	   0.150244521239	   0.171893867636
H 	  -1.897361207536	   0.654578294288	  -0.601123140226
H 	  -1.982092106088	  -0.287705252303	   0.916170812988
H 	  -0.655487384624	  -0.609561262213	  -0.263231423931
O 	  -0.507399766495	   1.162480940206	   0.845534770817
C 	   0.788780496291	   1.143061006500	   0.905830750356
H 	   2.130123793301	  -1.993699338203	  -0.973562659688
H 	   1.125486554068	   0.212874269134	   0.346935850040
H 	   2.311250193460	  -2.609302178647	  -1.348450827993
Energy    = -154.890316966676 (-154.890316966676 :    0.000000000000)
Spin(**2) =   -0.000000000000
ZPVE      =    0.065626549014
Normal mode eigenvalues : nmode = 21
  0.000039074   0.000040161   0.000194833   0.000720853   0.000785996
  0.000893407   0.010861026   0.019484861   0.027986330   0.051110035
  0.052073319   0.067917664   0.079055827   0.084341366   0.085398827
  0.087219274   0.267832971   0.353354607   0.376926128   0.380742004
  0.747363669

# Geometry of EQ 55, SYMMETRY = Cs  
C 	  -0.588388976179	  -0.359401077698	  -0.018455922320
H 	  -1.165992134677	   0.141565563001	  -0.791612846481
H 	  -1.089681288603	  -0.514279789717	   0.933951751392
H 	  -2.243532080054	  -2.712077486488	  -0.840756193620
O 	   1.175077804522	   2.406333253632	   0.954515141689
C 	   0.664805614935	  -0.768980802307	  -0.229542582476
H 	   1.162372539713	  -0.623214767815	  -1.185430892504
H 	   0.846651754560	   1.532212099895	   0.636874096210
H 	   1.238686765772	  -1.279185992509	   0.540455448105
Energy    = -154.817404989186 (-154.817404989186 :    0.000000000000)
Spin(**2) =    1.002206010394
ZPVE      =    0.062061842915
Normal mode eigenvalues : nmode = 21
  0.000037468   0.000050812   0.000131290   0.000393052   0.000457862
  0.000574418   0.003932449   0.004682095   0.026464837   0.035728059
  0.037547240   0.043416031   0.059002940   0.073404281   0.084659529
  0.110100965   0.377036087   0.380077807   0.394354965   0.400634108
  0.485176074

# Geometry of EQ 56, SYMMETRY = C1  
C 	  -1.126002919876	  -0.188157148026	  -0.014090703359
H 	  -1.985083294493	   0.488419588267	  -0.029882871651
H 	  -1.191301577572	  -0.830008615782	   0.881037298093
H 	  -1.174048272262	  -0.843487908589	  -0.904553486302
O 	   0.037367664833	   0.598138562510	  -0.016697865971
C 	   1.238941680739	  -0.188183916711	  -0.091682696032
H 	   0.949603728836	  -1.025700088028	  -0.921016745584
H 	   1.986654781435	   0.666099315821	   0.296509381767
H 	   1.263868208351	  -0.854148789460	   0.800375689043
Energy    = -154.975959826590 (-154.975959826590 :    0.000000000000)
Spin(**2) =   -0.000000000000
ZPVE      =    0.084013960558
Normal mode eigenvalues : nmode = 21
  0.022292359   0.034013113   0.040671910   0.042614349   0.075408807
  0.082717680   0.104060769   0.107286048   0.109393103   0.112252908
  0.114124758   0.116908799   0.120600527   0.126273538   0.133612678
  0.185820584   0.214339163   0.218643415   0.225961622   0.233837717
  0.235791964

# Geometry of EQ 57, SYMMETRY = Cs  
C 	  -1.733287629017	   0.184542892572	  -0.321422219029
H 	  -2.170980695292	   0.517566499993	   0.622796450036
H 	  -2.242428929110	  -0.718897552754	  -0.665803514514
H 	  -1.762104592348	   0.973046818011	  -1.076431576573
O 	  -0.353397264573	  -0.164982619208	  -0.062549643813
C 	   0.544668278518	   0.495153497984	  -0.745734879706
H 	   3.414873542506	  -1.330436040723	   0.841419540060
H 	   1.496292338540	   0.037655132355	  -0.359528181846
H 	   3.976032774004	  -1.698010150486	   1.161131007568
Energy    = -154.895993354405 (-154.895993354405 :    0.000000000000)
Spin(**2) =    0.000000000000
ZPVE      =    0.066176288801
Normal mode eigenvalues : nmode = 21
  0.000016125   0.000021618   0.000187013   0.000622244   0.000681314
  0.001027497   0.010057871   0.019739037   0.032643734   0.052476654
  0.054046624   0.069060495   0.078647791   0.083256546   0.086726728
  0.087413227   0.297135830   0.357001465   0.378642423   0.381604672
  0.747823250

# Geometry of EQ 58, SYMMETRY = Cs  
C 	  -0.952084654052	  -0.413808513551	   0.699466052554
H 	  -1.049807982354	   0.633255124872	   0.345331214331
H 	  -3.945950033336	  -0.234632365322	  -0.111662570497
H 	  -1.041595884543	  -1.187706569556	  -0.090703561342
O 	  -0.772559434759	  -0.691202201676	   1.861260185940
C 	   1.910820570757	  -0.072168396069	  -0.670511193821
H 	   1.860295573110	  -0.856908196510	  -1.415418800421
H 	   1.852345729326	   0.965207526406	  -0.976571706347
H 	   2.138536115853	  -0.319065408580	   0.358808379590
Energy    = -154.840839740642 (-154.840839740642 :    0.000000000000)
Spin(**2) =    1.003363829665
ZPVE      =    0.058565703570
Normal mode eigenvalues : nmode = 21
  0.000021488   0.000033098   0.000042894   0.000124759   0.000254933
  0.000426523   0.000629563   0.000937909   0.001028027   0.010574875
  0.052813149   0.061781771   0.077494879   0.077787561   0.092154071
  0.128190596   0.323555527   0.334110866   0.373460134   0.415568497
  0.417005721

# Geometry of EQ 59, SYMMETRY = C1  
C 	  -0.756506662256	   0.119217453761	   0.598635958380
H 	  -1.721444468571	   0.307695519047	   0.127677918611
H 	  -0.764727202341	   0.106896924079	   1.688480341201
H 	   0.069145579600	  -0.993806088323	  -1.137493026219
O 	   0.357228031197	   0.792744384842	   0.002194155547
C 	   0.275227730833	  -0.630184887500	  -0.129968929309
H 	  -0.490292266158	  -1.918079591586	  -3.477511452819
H 	   2.005602754196	   1.232580993151	   1.904053632564
H 	   1.025766503490	  -1.194093707466	   0.423929402042
Energy    = -154.787765252742 (-154.787765252742 :    0.000000000000)
Spin(**2) =    1.000197606908
ZPVE      =    0.058770772599
Normal mode eigenvalues : nmode = 21
  0.000024958   0.000032764   0.000230175   0.000336039   0.000377802
  0.001098139   0.025564479   0.027845873   0.030715051   0.041406895
  0.049936655   0.051174472   0.052153188   0.053550587   0.065151460
  0.088545541   0.093031135   0.363857490   0.366050072   0.382886398
  0.386733565

# Geometry of EQ 60, SYMMETRY = C1  
C 	  -1.810424770628	   0.382379000209	  -1.014571222475
H 	  -1.891189449409	  -0.690351878137	  -0.894103551389
H 	  -2.175777341376	   1.043322028818	  -0.238414676230
H 	   0.295280330720	  -3.554878116587	   0.422183187861
O 	   1.552503601926	   1.077986640895	   0.383485360547
C 	   1.136382844935	   0.019749111277	   0.330052337439
H 	  -1.427687985351	   0.795866973135	  -1.939384057403
H 	   3.870949451400	   1.577259427796	   2.555595875359
H 	   0.449963317710	  -2.828362187357	   0.395154746245
Energy    = -154.825231945844 (-154.825231945844 :    0.000000000000)
Spin(**2) =    1.003711155705
ZPVE      =    0.047787843051
Normal mode eigenvalues : nmode = 21
  0.000001901   0.000005616   0.000008785   0.000015146   0.000034763
  0.000101706   0.000272413   0.000352173   0.000428051   0.000493916
  0.000635642   0.002665847   0.002685865   0.009011135   0.077486878
  0.077602754   0.183622227   0.373882786   0.416118941   0.417251452
  0.747077406

# Geometry of EQ 61, SYMMETRY = C1  
C 	  -1.609339543246	   0.008704024705	  -0.032402635728
H 	  -2.605905164047	  -0.310314261104	   0.272732291428
H 	   1.888437064579	  -0.645876729053	  -0.424066410608
H 	  -1.435263779561	   0.052255363337	  -1.106044535727
O 	  -1.108355401100	   1.175296593530	   0.716271265085
C 	  -0.478190993166	  -0.028382679610	   0.877911303279
H 	   2.498940851976	  -0.868823744720	  -0.790111562600
H 	   4.516026335395	  -1.595824664737	  -1.999547710889
H 	  -0.354622220946	  -0.474193812194	   1.865093028922
Energy    = -154.790194304282 (-154.790194304282 :    0.000000000000)
Spin(**2) =    1.000898276712
ZPVE      =    0.056869195942
Normal mode eigenvalues : nmode = 21
  0.000021721   0.000030969   0.000137685   0.000174116   0.000223830
  0.001177595   0.004894212   0.005148791   0.023691003   0.025320065
  0.034377182   0.041653596   0.044734880   0.048614047   0.054200253
  0.070851973   0.091134502   0.367526889   0.374752537   0.389106770
  0.726491616

# Geometry of EQ 62, SYMMETRY = C1  
C 	  -0.221322931717	  -0.013144702825	   0.968896509281
H 	  -0.805536316671	  -1.172036220781	  -2.109676880644
H 	   0.202069043888	   1.827286564918	   0.682922851966
H 	  -1.006873976097	  -0.611878060966	   1.421327400978
O 	  -0.510537818409	   1.311502870634	   1.095579580285
C 	   0.853233006082	  -0.553376605851	   0.388772854823
H 	  -1.122380064789	  -1.386699914205	  -2.747532327875
H 	   0.972150623144	  -1.629834717587	   0.358368447836
H 	   1.639198434546	   0.051151786660	  -0.058660436632
Energy    = -154.982027437234 (-154.982027437234 :    0.000000000000)
Spin(**2) =   -0.000000000000
ZPVE      =    0.068625913244
Normal mode eigenvalues : nmode = 21
  0.000060883   0.000078531   0.000628993   0.003036361   0.003184902
  0.008841311   0.009156410   0.019417194   0.025160443   0.035601337
  0.038042200   0.049017324   0.068103253   0.071586694   0.081967858
  0.112731875   0.379933196   0.391048142   0.403559693   0.524920462
  0.742761588

# Geometry of EQ 63, SYMMETRY = Cs  
C 	  -0.951637102899	  -0.149090206967	   0.083560750903
H 	  -1.298584877886	  -0.538214416920	   1.049803122136
H 	  -1.584629897431	  -0.608438291607	  -0.686979220750
H 	  -1.057725241203	   0.937763811613	   0.057090998005
O 	   1.400082800997	   0.224004778645	  -0.318773207736
C 	   0.485683053265	  -0.546766972418	  -0.137075758267
H 	   0.812680028770	  -3.647354069924	  -0.065680060816
H 	   0.848353001913	   2.919604707165	  -0.337206818581
H 	   0.670802416280	  -1.651096266699	  -0.122968632863
Energy    = -154.831823691338 (-154.831823691338 :    0.000000000000)
Spin(**2) =    0.999508581130
ZPVE      =    0.056909093795
Normal mode eigenvalues : nmode = 21
  0.000046012   0.000181455   0.000333102   0.000346821   0.000531571
  0.000822493   0.000990173   0.009908196   0.023596452   0.030280693
  0.048782323   0.049923762   0.074374797   0.078434746   0.083919839
  0.084904816   0.128654775   0.296000686   0.350762113   0.364075376
  0.378802604

# Geometry of EQ 64, SYMMETRY = C1  
C 	  -1.834314016338	  -0.437831063420	   0.194915511610
H 	  -1.848499371919	  -0.244891220462	   1.260699813538
H 	  -2.159821108201	  -1.399617822799	  -0.182339995663
H 	  -1.615196738034	   0.366515747456	  -0.496015978130
O 	   1.624195189538	   0.145530493783	  -1.070517213627
C 	   1.298014337245	  -0.705242715705	  -0.276876718259
H 	   0.990524480122	  -1.723344206332	  -0.592018418094
H 	   2.247805218304	   2.350080067787	   0.344423911645
H 	   1.297292009288	  -0.528228280313	   0.817727086977
Energy    = -154.841156694246 (-154.841156694246 :    0.000000000000)
Spin(**2) =    1.003786987391
ZPVE      =    0.058881917615
Normal mode eigenvalues : nmode = 21
  0.000024477   0.000049887   0.000129556   0.000238097   0.000273524
  0.000670691   0.000932260   0.000942616   0.001167246   0.010732901
  0.053108034   0.061695463   0.077496662   0.077794878   0.091919107
  0.127756441   0.324670220   0.336146249   0.373406453   0.415495979
  0.416949597

# Geometry of EQ 65, SYMMETRY = C1  
C 	  -2.689437841055	  -0.558969916985	  -0.668585561584
H 	  -3.198754717857	   0.344532952971	  -1.015134395317
H 	  -3.125188283719	  -0.878887228581	   0.281980789020
H 	  -2.814451562518	  -1.352790672897	  -1.410217104057
O 	   2.327555596954	   0.427567786771	  -0.024483377426
C 	   1.220131708779	   0.209095477329	  -0.166072991337
H 	  -1.625375761917	  -0.349923476151	  -0.531731993338
H 	   4.662397858421	   0.055458578443	   1.544680389299
H 	   5.243123002767	  -0.073112500894	   1.989562244907
Energy    = -155.004524691769 (-155.004524691769 :    0.000000000000)
Spin(**2) =    0.000000000000
ZPVE      =    0.062217199987
Normal mode eigenvalues : nmode = 21
  0.000001377   0.000002465   0.000021473   0.000024683   0.000130497
  0.000417551   0.000426253   0.000432578   0.001092679   0.001097261
  0.071174264   0.071937093   0.071938043   0.096457685   0.096458379
  0.185108599   0.352627993   0.377777938   0.377792266   0.380403442
  0.750743624

# Geometry of EQ 66, SYMMETRY = C1  
C 	  -3.029153367722	  -0.130434163490	   0.306650732155
H 	  -1.878880869497	   0.441194948078	  -1.055328192581
H 	  -2.814881130920	  -0.634942963110	   1.285444798756
H 	   0.816686641276	  -0.324225799900	   0.019190380860
O 	  -1.810930939392	   0.003850128481	  -0.185654508794
C 	   1.905191128812	  -0.370901092969	  -0.070579913907
H 	   2.197101086320	  -0.226889222505	  -1.114777693579
H 	   2.357161358880	   0.412997367574	   0.543332207076
H 	   2.257706091695	  -1.347678202218	   0.271720190251
Energy    = -154.928828170441 (-154.928828170441 :    0.000000000000)
Spin(**2) =   -0.000000000000
ZPVE      =    0.072673214478
Normal mode eigenvalues : nmode = 21
 -0.000002352   0.000031460   0.000040777   0.000172101   0.000492839
  0.000731290   0.045560557   0.056474008   0.066709137   0.071264532
  0.071810339   0.072264204   0.088917295   0.096486047   0.096721170
  0.303872628   0.352435450   0.377337450   0.378153334   0.379882824
  0.501046534

# Geometry of EQ 67, SYMMETRY = C1  
C 	  -1.878925006481	  -0.329433002232	   0.095835764608
H 	  -1.917707991911	  -0.146258834922	   1.163427018661
H 	  -2.274574128986	   0.413756089795	  -0.587087507996
H 	  -1.683262914979	  -1.333037652292	  -0.264485783946
O 	   1.090937015859	   0.678276977276	   0.039396323023
C 	   1.917526216311	  -0.407764715258	   0.030044286616
H 	   2.966800506169	  -0.141257419704	   0.089994908048
H 	   0.162294065811	   0.375257606262	  -0.027043214035
H 	   1.616912238180	  -1.286568048882	  -0.540083794998
Energy    = -154.895509046604 (-154.895509046604 :    0.000000000000)
Spin(**2) =    0.999161991212
ZPVE      =    0.069011748181
Normal mode eigenvalues : nmode = 21
 -0.000021505   0.000143607   0.000213324   0.000660413   0.001707895
  0.002197208   0.011836213   0.015314552   0.016405522   0.045336693
  0.055805326   0.073802032   0.077586063   0.077810853   0.085997751
  0.367132339   0.371608535   0.402405113   0.413600521   0.414317187
  0.467330444

# Geometry of EQ 68, SYMMETRY = C1  
C 	  -2.871790893495	   0.296228187817	  -1.207431733421
H 	  -0.226870052771	  -0.101931631309	  -0.246435464158
H 	   0.431046128691	  -0.251451032070	   0.071179967675
H 	  -3.522138868695	  -0.239094812461	  -0.458247024775
O 	  -3.290908571189	   0.868840807893	  -2.152812501375
C 	   3.005754471086	  -0.801010361236	   1.259058836632
H 	   2.889489267255	  -1.866061292889	   1.102506881668
H 	   3.455599710111	  -0.186946378983	   0.489114689248
H 	   2.710396161252	  -0.357043552373	   2.201409994852
Energy    = -154.865506135550 (-154.865506135550 :    0.000000000000)
Spin(**2) =    1.004382469608
ZPVE      =    0.056208933319
Normal mode eigenvalues : nmode = 21
  0.000000913   0.000021315   0.000042625   0.000046183   0.000159718
  0.000251700   0.000393460   0.000521878   0.001084610   0.005815329
  0.005858903   0.008491555   0.048214845   0.077510094   0.077550040
  0.143761396   0.270385702   0.373979419   0.416639240   0.416803777
  0.728504338

# Geometry of EQ 69, SYMMETRY = C1  
C 	  -1.695063539775	   0.922801823899	  -1.144379839958
H 	  -2.479302784883	  -0.597588764452	   1.289876654600
H 	  -2.819791949886	  -0.923138412818	   1.864506014862
H 	   0.812945130213	  -0.277346297389	  -0.201311381245
O 	  -2.157870423406	   1.580509778066	  -1.948459196690
C 	   1.829858322982	  -0.631524060877	  -0.012706104990
H 	   1.944163575555	  -1.643297330838	  -0.411258357692
H 	   2.546976994748	   0.034453813258	  -0.500552177863
H 	   2.018084674402	  -0.641899548823	   1.064282388897
Energy    = -155.004463510687 (-155.004463510687 :    0.000000000000)
Spin(**2) =   -0.000000000000
ZPVE      =    0.062427188071
Normal mode eigenvalues : nmode = 21
  0.000001399   0.000016831   0.000039456   0.000040371   0.000142973
  0.000329487   0.000357543   0.000486161   0.001712956   0.001724690
  0.071213596   0.071684575   0.071814355   0.096283022   0.096306442
  0.185523837   0.352627587   0.377965356   0.378283329   0.379463385
  0.748557241

# Geometry of EQ 70, SYMMETRY = C1  
C 	  -1.590791809080	   0.930981449554	   0.349365809364
H 	  -2.676300648197	   1.090549667471	   0.184825836572
H 	  -1.156289669980	   0.020010133702	  -0.106214502423
H 	   0.580064490662	  -2.508420388230	  -1.290800403779
O 	  -0.921766628573	   1.708769087804	   0.990077565821
C 	   1.597664752305	  -0.377238177069	   0.315246323897
H 	   0.332246344883	  -3.070824813261	  -1.712074786673
H 	   1.161530634701	   0.525384794330	   0.765496111793
H 	   2.673642533281	  -0.496240754310	   0.504076045427
Energy    = -154.821613260914 (-154.821613260914 :    0.000000000000)
Spin(**2) =    0.712231790977
ZPVE      =    0.057984122853
Normal mode eigenvalues : nmode = 21
  0.000011141   0.000048894   0.000353103   0.000525730   0.000598025
  0.000772864   0.001073596   0.002240273   0.002259684   0.004722273
  0.004918156   0.048899176   0.055157598   0.062318997   0.091459258
  0.127185463   0.325513838   0.341541371   0.345369149   0.379723533
  0.734419861

# Geometry of EQ 71, SYMMETRY = C1  
C 	  -1.538781694655	  -0.151749773525	   0.558373625095
H 	   0.990702948572	  -0.586685632107	  -0.733677694345
H 	  -2.609214439466	   1.112493265450	   1.610785203872
H 	  -2.481271124997	  -0.757761186343	   0.680730600761
O 	  -1.733780995271	   0.987316752747	   1.175233554548
C 	   1.958651452078	  -0.737397121722	  -1.220871420224
H 	   2.563838805662	   0.169407599840	  -1.128377180741
H 	   2.485186386346	  -1.571345141056	  -0.747029026448
H 	   1.807894832178	  -0.962932166699	  -2.280892897614
Energy    = -154.921783693755 (-154.921783693755 :    0.000000000000)
Spin(**2) =    0.000000000000
ZPVE      =    0.071962106270
Normal mode eigenvalues : nmode = 21
  0.000000631   0.000034875   0.000067901   0.000276979   0.000966989
  0.001013049   0.039423294   0.057745215   0.069250141   0.070411390
  0.072877058   0.072903196   0.083942918   0.097010470   0.097013077
  0.284974404   0.350165786   0.375465885   0.375615730   0.377727247
  0.441684272

# Geometry of EQ 72, SYMMETRY = C1  
C 	  -0.907411234258	   0.042753695435	   0.274252806950
H 	  -1.688224941615	   0.251246305499	  -0.460647444754
H 	  -1.360675764359	  -0.223617861335	   1.238253789668
H 	  -0.313321066994	  -0.823718418609	  -0.045012125807
O 	  -0.134482678447	   2.287985360933	  -0.151784172949
C 	  -0.009526121688	   1.242415723708	   0.445482188118
H 	   1.862681109008	  -2.785598596330	  -1.514281309606
H 	   0.813239203555	   1.108492372179	   1.184870833540
H 	   1.737721494809	  -3.276987581499	  -0.971136565166
Energy    = -155.005643225078 (-155.005643225078 :    0.000000000000)
Spin(**2) =   -0.000000000000
ZPVE      =    0.066341042685
Normal mode eigenvalues : nmode = 21
  0.000003336   0.000011550   0.000025979   0.000032556   0.000256100
  0.000936525   0.009728849   0.023026770   0.030229078   0.048938431
  0.049611844   0.074529009   0.079143558   0.084065369   0.085107604
  0.128495287   0.317637349   0.350567617   0.363674407   0.378814703
  0.748904739

# Geometry of EQ 73, SYMMETRY = C1  
C 	  -1.346342659655	   0.583840497472	  -1.141585976412
H 	  -2.078180252106	   1.175806089106	  -0.550039765581
H 	   0.736134683854	  -1.659186619833	   3.038741029223
H 	  -0.359146200970	  -1.809254071703	  -1.696672547384
O 	  -0.251663807785	   0.642412417874	  -0.486104623157
C 	   0.851713291896	   0.316983703690	   0.070497775403
H 	   0.270803113323	  -2.005237015368	  -1.347791820796
H 	   1.576032113370	   1.106799470376	  -0.224259926783
H 	   0.791156105512	  -1.298797986225	   2.388965572885
Energy    = -154.746415325477 (-154.746415325477 :    0.000000000000)
Spin(**2) =    0.000000000000
ZPVE      =    0.054012200498
Normal mode eigenvalues : nmode = 21
  0.000022616   0.000052770   0.000170815   0.000674218   0.000935201
  0.001476494   0.004662423   0.005102880   0.005353168   0.005693841
  0.005917876   0.006331676   0.036539195   0.043058829   0.055972105
  0.062886527   0.097857909   0.324169017   0.324848113   0.725734068
  0.734766096

# Geometry of EQ 74, SYMMETRY = C1  
C 	  -0.930029944734	   0.345943187993	   0.865253846069
H 	  -1.736536566136	   1.057676255727	   0.583971131515
H 	  -0.384205287616	  -1.208043567723	   3.180910976853
H 	   0.219876048576	  -1.571206360544	  -3.799008635649
O 	  -0.005921060030	   0.526083145789	   0.001314781460
C 	   0.920866724976	   0.364015569862	  -0.863336806789
H 	   0.399133102624	  -1.190257754894	  -3.184335851072
H 	   1.716142886976	   1.087120456968	  -0.579073575244
H 	  -0.199325904626	  -1.588359933174	   3.794302132845
Energy    = -154.746358302023 (-154.746358302023 :    0.000000000000)
Spin(**2) =   -0.000000000000
ZPVE      =    0.053501817898
Normal mode eigenvalues : nmode = 21
  0.000007990   0.000028091   0.000033226   0.000126891   0.000909205
  0.000919740   0.004526633   0.004870625   0.005268757   0.005299408
  0.005453910   0.005572345   0.036452140   0.042400165   0.056317135
  0.063471686   0.097995320   0.323553355   0.324134886   0.734933317
  0.735151496

# Geometry of EQ 75, SYMMETRY = C1  
C 	  -0.644417655419	  -0.451829227657	   0.024639729020
H 	  -0.909427236074	   0.634902266046	   0.022388704687
H 	  -0.968330599887	  -0.850886785857	   0.991031704321
H 	  -1.255913484245	  -0.903465905725	  -0.765771060100
O 	  -0.768351981105	   2.153290164455	   0.857377711200
C 	   0.849384643499	  -0.641458112227	  -0.208696615254
H 	   1.160711595904	  -0.228268465188	  -1.174351455251
H 	   1.437114691363	  -0.149610893548	   0.573416899667
H 	   1.110917722413	  -1.706902746114	  -0.204071601981
Energy    = -154.866336061656 (-154.866336061656 :    0.000000000000)
Spin(**2) =    0.980195215677
ZPVE      =    0.074483873346
Normal mode eigenvalues : nmode = 21
  0.000107417   0.000302058   0.000504330   0.004014016   0.024632913
  0.026100577   0.038983341   0.053380792   0.057254884   0.073709620
  0.078315565   0.078814966   0.085605319   0.087873091   0.088909977
  0.279915191   0.351830971   0.356745827   0.365899268   0.367639401
  0.372566729

# Geometry of EQ 76, SYMMETRY = Cs  
C 	  -0.405731807239	  -1.477657055642	  -0.038248405545
H 	  -0.782873032275	   2.331179058635	  -0.372084090547
H 	  -0.900681045813	  -1.607581691689	   0.921155044115
H 	  -1.012262500675	  -1.659121567893	  -0.922599677477
O 	  -0.614527541401	   1.936478792857	   0.496045180501
C 	   0.878256201160	  -1.126430726681	  -0.124962296248
H 	   1.376881393027	  -1.005564032168	  -1.083945388575
H 	  -0.375340256675	   1.018231805241	   0.287529472786
H 	   1.486298110956	  -0.954638851006	   0.759957745862
Energy    = -155.001257765946 (-155.001257765946 :    0.000000000000)
Spin(**2) =   -0.000000000000
ZPVE      =    0.074333366866
Normal mode eigenvalues : nmode = 21
  0.000027691   0.000214493   0.000236411   0.000455233   0.002081644
  0.004218165   0.026455657   0.035497238   0.037191607   0.043465247
  0.059076197   0.073556385   0.084635344   0.110649915   0.112270810
  0.376653238   0.379853909   0.394002266   0.400203209   0.518605906
  0.554114723

# Geometry of EQ 77, SYMMETRY = Cs  
C 	  -2.173775258636	  -0.354648764436	   0.555244269223
H 	  -2.722568436817	   0.579422622188	   0.567577909134
H 	  -2.461760236713	  -1.149203741675	   1.233200304206
H 	  -1.387356947104	  -0.516317233111	  -0.172803513882
O 	   0.970206689928	  -0.449384137207	  -0.921416487070
C 	   1.403342291294	   0.011415348096	   0.108643715867
H 	   3.144668767923	  -0.768404379036	  -2.587471410468
H 	   2.482261577760	   0.226684566985	   0.247611397760
H 	   0.744981552374	   0.243406718194	   0.969411815234
Energy    = -154.842585496436 (-154.842585496436 :    0.000000000000)
Spin(**2) =    1.003714202862
ZPVE      =    0.059396799409
Normal mode eigenvalues : nmode = 21
  0.000054334   0.000105143   0.000261916   0.000307537   0.000491099
  0.000586170   0.000860226   0.001374859   0.002585047   0.010958446
  0.054861817   0.061941808   0.077607500   0.078956099   0.091134937
  0.127600647   0.325293770   0.339573787   0.371612951   0.414000096
  0.415246701

# Geometry of EQ 78, SYMMETRY = Cs  
C 	  -1.479190853700	  -0.941934601102	  -0.752894320321
H 	  -1.120278744212	  -0.000327864936	  -1.177902193496
H 	  -1.725524408791	  -0.798896594167	   0.302796286613
H 	  -2.373919332847	  -1.262968138298	  -1.292544237753
O 	   2.828581609395	   0.906234158651	   1.587257315073
C 	   1.847556011263	   0.632628756648	   0.940293019770
H 	  -0.704744772015	  -1.707856199428	  -0.848946295899
H 	   1.480011250950	   1.278723705468	   0.115284989206
H 	   1.247509240089	  -0.282632222856	   1.126653436789
Energy    = -155.018987769387 (-155.018987769387 :    0.000000000000)
Spin(**2) =    0.000000000000
ZPVE      =    0.072273853277
Normal mode eigenvalues : nmode = 21
  0.000000425   0.000002489   0.000008088   0.000020373   0.000033952
  0.000040466   0.054391168   0.061782795   0.070942103   0.071437343
  0.071547504   0.092207948   0.095965436   0.096005184   0.129433413
  0.322216629   0.333477693   0.352446490   0.377601359   0.378094486
  0.378977420

# Geometry of EQ 79, SYMMETRY = C1  
C 	  -2.479363800981	  -0.886944885386	  -0.495024085617
H 	  -2.466076302266	  -1.797196986940	  -1.100883705316
H 	  -2.954571198092	  -1.097332769905	   0.467139040962
H 	  -3.045438476079	  -0.111189495799	  -1.017623866072
O 	   2.011981828276	   0.929665156887	   0.066436021005
C 	   1.313728585983	   0.007558888220	   0.316357059177
H 	  -1.454684387388	  -0.540888040921	  -0.330436208061
H 	   4.107481732474	   1.129281631829	   0.668596955380
H 	   1.639364536588	  -0.893853646104	   0.900867526385
Energy    = -154.870812346276 (-154.870812346276 :    0.000000000000)
Spin(**2) =    0.927115464166
ZPVE      =    0.060831290990
Normal mode eigenvalues : nmode = 21
  0.000000102   0.000031877   0.000039830   0.000126559   0.000436829
  0.000488648   0.001167023   0.002537426   0.003427789   0.047973656
  0.071120054   0.071723027   0.071883221   0.096261729   0.096267141
  0.140743764   0.281581033   0.351746224   0.377011298   0.377810497
  0.378331271

# Geometry of EQ 80, SYMMETRY = Cs  
C 	  -1.251605010850	   0.603268077616	   0.204726836796
H 	  -2.168726444879	   0.805020931445	   0.764508617794
H 	  -0.758116031519	  -0.272749106644	   0.641562482559
H 	  -1.515802420509	   0.413434848457	  -0.840763273639
O 	   1.629653567770	  -0.862872342232	  -0.723667902608
C 	   1.442603735340	  -1.727252173054	   0.251265069992
H 	   2.345018418534	  -2.384585714059	   0.147251786124
H 	  -0.602565481705	   1.482690697455	   0.270910627564
H 	   0.879539668457	  -0.233984216092	  -0.715796248311
Energy    = -154.930956188235 (-154.930956188235 :    0.000000000000)
Spin(**2) =    0.000000000000
ZPVE      =    0.073513802886
Normal mode eigenvalues : nmode = 21
  0.000012795   0.000361116   0.000604116   0.000660320   0.001083904
  0.002149836   0.046754444   0.058388736   0.068177158   0.071071338
  0.072805689   0.072921089   0.089003197   0.096746831   0.098377726
  0.304616055   0.347654308   0.372259517   0.373842235   0.377136906
  0.489403222

# Geometry of EQ 81, SYMMETRY = Cs  
C 	  -0.681850392637	  -0.394449412251	  -0.093120846307
H 	  -1.323770393161	   0.225515679804	  -0.724047148771
H 	  -1.280871385158	  -0.824542228125	   0.713527309565
H 	  -0.254081221168	  -1.202836585979	  -0.696365435229
O 	  -0.102321139480	   1.447517691816	   1.235036893166
C 	   0.480793929255	   0.454364417379	   0.492191123972
H 	   0.530850848788	  -3.083059672759	  -2.094088032911
H 	   1.072341062011	   0.856357872129	  -0.348678028623
H 	   1.115798540294	  -0.206955167458	   1.107019773419
Energy    = -154.869568477476 (-154.869568477476 :    0.000000000000)
Spin(**2) =    1.001029322078
ZPVE      =    0.066913178821
Normal mode eigenvalues : nmode = 21
  0.000024738   0.000044438   0.000440901   0.002626832   0.005584182
  0.015493239   0.031343255   0.034032954   0.036533478   0.050190403
  0.060598823   0.065815633   0.075351510   0.085297103   0.088466279
  0.093787395   0.332083683   0.340575664   0.354421161   0.373221779
  0.378124988

# Geometry of EQ 82, SYMMETRY = C1  
C 	  -1.197974771437	  -0.177724872438	  -0.032464393651
H 	  -1.282650603129	   0.553633729763	  -0.835375528039
H 	  -0.226732903112	  -0.056013504043	   1.760042751728
H 	  -0.840841529681	  -1.159426203582	  -0.359996411022
O 	  -0.189922143205	   0.393770652550	   0.903235956349
C 	   1.186585180866	   0.330939672109	   0.337119129183
H 	   1.361242438442	  -0.688928461396	  -0.020474601089
H 	   1.201590051757	   1.084717205681	  -0.449243849427
H 	   0.866116593247	  -2.942308708087	  -1.488617270345
Energy    = -154.717031025691 (-154.717031025691 :    0.000000000000)
Spin(**2) =    1.006280619589
ZPVE      =    0.064478986375
Normal mode eigenvalues : nmode = 21
  0.000008734   0.000036309   0.000358615   0.002206085   0.005670275
  0.007176901   0.008651466   0.017971371   0.029025453   0.037268723
  0.044252015   0.046458735   0.058432349   0.065429187   0.082739314
  0.085601600   0.355516468   0.356688985   0.388858390   0.389552750
  0.541176456

# Geometry of EQ 83, SYMMETRY = Cs  
C 	  -1.505753640173	  -0.588561800849	  -0.679226872559
H 	  -1.971661987233	   0.301482514065	  -1.111177980474
H 	  -2.187184962874	  -1.037494849543	   0.048744938944
H 	  -1.297006944919	  -1.310384413835	  -1.473694525576
O 	   2.805103783628	   0.849244914219	   1.773049721158
C 	   1.902948570709	   0.481538658655	   1.185368926809
H 	  -0.572288964212	  -0.309635318603	  -0.183804154902
H 	   1.735133264049	   1.716424776567	  -1.522632641987
H 	   1.090710880994	  -2.279643480673	   1.963370588568
Energy    = -154.829697103013 (-154.829697103013 :    0.000000000000)
Spin(**2) =    0.999960409633
ZPVE      =    0.051771626912
Normal mode eigenvalues : nmode = 21
  0.000002970   0.000004802   0.000014310   0.000030160   0.000094542
  0.000121874   0.000199970   0.000307744   0.000374054   0.000420252
  0.000477250   0.071155810   0.071855212   0.071913438   0.096385521
  0.096438483   0.184665366   0.352603715   0.377720779   0.377789840
  0.380368798

# Geometry of EQ 84, SYMMETRY = Cs  
C 	  -0.456569217229	  -0.133605484013	   0.000688535190
H 	  -1.478660127106	   0.251823801521	   0.008435190146
H 	  -0.302709826672	  -0.807447794840	   0.854679850305
H 	  -0.287205945416	  -0.730863683305	  -0.905757590830
O 	   0.241466659099	   2.173016074993	   0.107114771928
C 	   0.536307062306	   0.999812563667	   0.058761235087
H 	   0.097273808570	  -2.179372578127	  -3.041030334705
H 	   1.605249371465	   0.685271206950	   0.054603985358
H 	   0.044848214967	  -2.435663106866	   2.862502357503
Energy    = -154.831224875506 (-154.831224875506 :    0.000000000000)
Spin(**2) =    1.000077879171
ZPVE      =    0.056542227151
Normal mode eigenvalues : nmode = 21
  0.000022474   0.000029881   0.000032941   0.000064828   0.000363359
  0.000378923   0.001075089   0.009749836   0.023113761   0.030295363
  0.048941518   0.049613880   0.074553582   0.079128048   0.083928403
  0.084989051   0.128440817   0.317580892   0.348538607   0.361227736
  0.378428513

# Geometry of EQ 85, SYMMETRY = C1  
C 	   0.511607760402	   1.151557166441	  -1.624216573845
H 	  -0.051711798197	   2.094042982655	  -1.861361757061
H 	  -2.284847068208	  -2.704641316272	   2.020115194584
H 	  -2.174474406064	  -3.099345083265	   1.400342974584
O 	   0.210703893802	   0.985023705200	  -0.362328248861
C 	   0.787958200115	  -0.174744765925	   0.281448444317
H 	   1.396787168074	  -0.715613159964	  -0.446184195171
H 	   1.389485337071	   0.180486878324	   1.121765541242
H 	  -0.035535281681	  -0.790294350426	   0.651455174671
Energy    = -154.895856694105 (-154.895856694105 :    0.000000000000)
Spin(**2) =   -0.000000000000
ZPVE      =    0.065702546670
Normal mode eigenvalues : nmode = 21
 -0.000001307   0.000004429   0.000013718   0.000040643   0.000284458
  0.001043479   0.010070342   0.019724368   0.032670244   0.052507272
  0.054080163   0.068986089   0.079171325   0.083287737   0.086767803
  0.087460143   0.299311945   0.356953342   0.378597858   0.381508421
  0.748831608

# Geometry of EQ 86, SYMMETRY = C1  
C 	  -3.957226571415	  -1.350469346252	  -0.197950113850
H 	  -4.381033328419	  -0.541295122972	   0.382037188943
H 	  -1.258078131972	  -0.456070073694	  -0.205974353033
H 	  -4.022753918297	  -1.626384624616	  -1.242138621081
O 	   2.864593479591	   1.287054536206	  -0.481415131754
C 	   2.200117447965	   0.416664512435	  -0.035681188545
H 	  -0.555554560015	  -0.206191686169	  -0.220427230466
H 	   5.605651281502	   0.506259051913	   0.659637305248
H 	   2.602929192897	  -0.409839875795	   0.615685483029
Energy    = -154.677689342590 (-154.677689342590 :    0.000000000000)
Spin(**2) =    2.005885818202
ZPVE      =    0.044324804751
Normal mode eigenvalues : nmode = 21
  0.000007383   0.000009629   0.000014349   0.000046161   0.000051931
  0.000133915   0.000242255   0.000277505   0.000495452   0.000534356
  0.000610109   0.001129358   0.005760664   0.005984041   0.046503399
  0.048121323   0.143602587   0.271745273   0.376978580   0.433137936
  0.727968544

# Geometry of EQ 87, SYMMETRY = C1  
C 	  -2.257405800223	  -0.672029234620	  -0.266593358127
H 	  -2.446171308706	  -0.674814944244	   0.799946404094
H 	  -2.303339933393	   0.257930062706	  -0.819710906701
H 	  -2.147214278768	  -1.609918946372	  -0.797037945669
O 	   1.980566168313	   1.022948971371	  -0.455320286206
C 	   1.485714068501	   0.031003061495	   0.024355661059
H 	   0.399290194990	  -0.187934654030	  -0.051299991896
H 	   4.625040294247	   0.945755965913	   0.080523635266
H 	   2.088864311332	  -0.724143340049	   0.571542013874
Energy    = -154.841075843885 (-154.841075843885 :    0.000000000000)
Spin(**2) =    1.003589400553
ZPVE      =    0.058530387376
Normal mode eigenvalues : nmode = 21
  0.000006553   0.000021213   0.000043095   0.000136148   0.000252072
  0.000439127   0.000766780   0.000926564   0.001020926   0.009999727
  0.055163721   0.062045837   0.077503616   0.077628817   0.092325447
  0.128379932   0.319134668   0.332780318   0.373275063   0.415629387
  0.416104671

# Geometry of EQ 88, SYMMETRY = Cs  
C 	  -1.151217607223	   0.239742732968	  -0.261147335415
H 	  -2.102466431835	   0.524394313858	   0.160547432769
H 	  -0.395927954485	  -2.061395072892	  -0.001319286342
H 	  -0.993481653420	   0.005207915096	  -1.307697238168
O 	  -0.123583462732	   0.446658126552	   0.516968866623
C 	   1.145545851688	   0.230127050845	   0.300789595140
H 	   0.337316846692	  -2.064561823638	   0.178078081077
H 	   1.486942042493	  -0.005194163746	  -0.700840060366
H 	   1.796872368822	   0.507991920952	   1.114617944691
Energy    = -154.890711434181 (-154.890711434181 :    0.000000000000)
Spin(**2) =    0.000000000001
ZPVE      =    0.068245305715
Normal mode eigenvalues : nmode = 21
  0.001984039   0.002705167   0.003220171   0.005163442   0.007267186
  0.010870745   0.010896458   0.013004135   0.016713667   0.018078551
  0.049274177   0.051437153   0.061848403   0.082738836   0.085499507
  0.089742373   0.382090021   0.384623146   0.420735822   0.421149831
  0.668599965

# Geometry of EQ 89, SYMMETRY = Cs  
C 	  -2.191314552269	  -0.392327681504	  -0.553537123531
H 	  -2.368563948760	   0.654570628842	  -0.339478427596
H 	  -2.371706839573	  -1.136754539236	   0.212116486674
H 	  -1.965772739551	  -0.704457483812	  -1.565930465648
O 	   1.651931970529	  -1.173828507944	   1.575643050476
C 	   1.347994765174	  -0.442957827638	   0.665597343118
H 	   0.312779023426	  -0.386483944325	   0.262808688167
H 	   2.089849070779	   0.226578047824	   0.167206919238
H 	   3.422902436153	   1.456189975854	  -0.757589551174
Energy    = -154.841228292610 (-154.841228292610 :    0.000000000000)
Spin(**2) =    1.001555358057
ZPVE      =    0.058453126882
Normal mode eigenvalues : nmode = 21
  0.000008366   0.000018528   0.000118762   0.000136214   0.000286898
  0.000683807   0.000696670   0.000953103   0.001444385   0.010273497
  0.055428188   0.061750873   0.077505740   0.077644591   0.091968174
  0.129132692   0.301211578   0.323626376   0.373216800   0.415543332
  0.416059477

# Geometry of EQ 90, SYMMETRY = Cs  
C 	  -2.866679112141	   0.312631749169	   0.168462092090
H 	  -3.961141952007	   0.490235270799	   0.205624261597
H 	   0.247388415761	   0.198855138519	   0.380944997201
H 	  -2.539910269260	  -0.525630173371	  -0.480280570183
O 	  -2.085122858136	   0.988372258009	   0.793649140021
C 	   3.769861106593	  -1.369371426278	  -0.542801957665
H 	   3.343371704293	  -0.501476693814	  -1.066687078567
H 	   0.894766558949	  -0.115234003477	   0.189383978769
H 	   3.197466405772	  -1.655411119722	   0.351703136878
Energy    = -154.818237747160 (-154.818237747160 :    0.000000000000)
Spin(**2) =    0.726756913049
ZPVE      =    0.056851491372
Normal mode eigenvalues : nmode = 21
 -0.000003858   0.000001112   0.000031028   0.000065084   0.000100105
  0.000173827   0.000278841   0.000488673   0.001709895   0.006543833
  0.006980293   0.048017856   0.054472008   0.061898068   0.092054834
  0.128689793   0.324305018   0.336974488   0.343112334   0.377057957
  0.737657126

# Geometry of EQ 91, SYMMETRY = Cs  
C 	  -1.631109486543	  -0.111944395791	  -0.143801303263
H 	  -1.336566490069	   0.622417993533	  -0.893839199955
H 	  -2.642945751124	   0.063624870192	   0.224469544331
H 	  -1.504703224148	  -1.126583494613	  -0.522095206114
O 	  -0.677751469683	   0.039026095289	   0.997853814125
C 	  -1.096739852589	   0.325990770373	   2.156564400913
H 	   1.802191429645	  -0.404521494380	   0.059782712591
H 	   4.653976586607	  -1.039111744445	  -1.571902207083
H 	   2.433648257929	  -0.545927600149	  -0.307034555552
Energy    = -154.768155877116 (-154.768155877116 :    0.000000000000)
Spin(**2) =    1.003487364074
ZPVE      =    0.055391415882
Normal mode eigenvalues : nmode = 21
  0.000015727   0.000022720   0.000095927   0.000139920   0.000238550
  0.000808711   0.000965126   0.003466151   0.003598279   0.007669912
  0.018215061   0.046361580   0.049397142   0.069439741   0.083753801
  0.085632566   0.086280027   0.360135342   0.386705766   0.387523931
  0.742810582
