List of Transition Structures

# Geometry of TS 0, SYMMETRY = Cs  
C 	   0.094288736605	   1.009283955327	   0.000012543986
H 	   0.176386821627	   1.541012952839	   0.937857062184
H 	   0.176296734553	   1.540896961790	  -0.937900534375
C 	  -0.842665550797	  -0.461183876690	  -0.000067286555
N 	   0.395665258015	  -0.484651993263	   0.000098214761
Energy    = -131.943386984554 (-131.943386984554 :    0.000000000000)
Spin(**2) =    0.758826152177
ZPVE      =    0.029651071075
Normal mode eigenvalues : nmode = 9
 -0.007783973   0.008953976   0.024170005   0.028146367   0.043815099
  0.084517047   0.119834834   0.384922643   0.419166250
CONNECTION : 0 - 2

# Geometry of TS 1, SYMMETRY = C1  
C 	  -0.158493390395	   1.126861234959	   0.737134190208
H 	   0.058461620249	   2.188821324948	   0.647953272163
H 	   0.073731107725	   0.959274032060	  -0.827087682273
C 	  -0.007431495576	   0.022495549682	  -0.091377216584
N 	   0.033704157995	  -1.152094141648	  -0.466622563512
Energy    = -131.895145575292 (-131.895145575292 :    0.000000000000)
Spin(**2) =    0.941828359249
ZPVE      =    0.023741163428
Normal mode eigenvalues : nmode = 9
 -0.081620594   0.002260388   0.009068878   0.013053895   0.027075669
  0.044720560   0.110601742   0.187598788   0.395050720
CONNECTION : 5 - 0

# Geometry of TS 2, SYMMETRY = C1  
C 	  -0.077216045324	   0.794878892639	   0.316115469904
H 	  -0.264388819890	   1.637312300868	   0.962317918437
H 	   0.079568928687	   1.223905892167	  -0.918760935751
C 	   0.740422936372	   0.038517974272	  -0.592965053097
N 	  -0.478414999844	  -0.549257059945	   0.233292600507
Energy    = -131.835389435759 (-131.835389435759 :    0.000000000000)
Spin(**2) =    0.757268817152
ZPVE      =    0.024147517231
Normal mode eigenvalues : nmode = 9
 -0.077269126   0.008542554   0.019217850   0.030320391   0.038390021
  0.049087371   0.065662157   0.117407515   0.410118843
CONNECTION : 7 - 0

# Geometry of TS 3, SYMMETRY = Cs  
C 	   0.088019294053	   1.138427099432	   0.643121973335
H 	   0.096517333293	   2.059963797550	   1.192552396885
H 	  -0.344213562945	   0.570372225037	  -1.437299269345
C 	  -0.059551821062	   0.328787590354	  -0.410612274150
N 	   0.219200756663	  -0.952192712369	   0.012237173276
Energy    = -131.913664048373 (-131.913664048373 :    0.000000000000)
Spin(**2) =    1.560732606867
ZPVE      =    0.027357117745
Normal mode eigenvalues : nmode = 9
 -0.005985557   0.005570760   0.007279147   0.030575327   0.039249365
  0.062463814   0.084004589   0.364961763   0.434583829
CONNECTION : 5 - 7

# Geometry of TS 4, SYMMETRY = Cs  
C 	  -0.265190068564	   1.887717283566	  -0.608870265599
H 	  -0.435097017793	   0.496433781164	   1.534009637322
H 	   0.191716497473	   1.448676631389	  -1.549457143534
C 	  -0.003001988900	   0.069959080252	   0.652749818977
N 	   0.511544577786	  -0.757428776371	  -0.028432047166
Energy    = -131.857566653566 (-131.857566653566 :    0.000000000000)
Spin(**2) =    0.765584398089
ZPVE      =    0.025284902624
Normal mode eigenvalues : nmode = 9
 -0.006795794   0.003280468   0.004560968   0.016270311   0.022467350
  0.026613205   0.146411195   0.297877814   0.442600912
CONNECTION : 11 - DC

# Geometry of TS 5, SYMMETRY = C1  
C 	  -0.244247067936	   1.187625964049	  -0.692088841582
H 	  -0.064773473481	   0.605657034916	   1.434486899074
H 	   0.215594602335	   2.025625670773	  -1.196321332802
C 	  -0.047289099139	   0.286704424575	   0.384038507830
N 	   0.140687038223	  -0.960255094311	   0.069884767480
Energy    = -131.913394071105 (-131.913394071105 :    0.000000000000)
Spin(**2) =    1.662789899992
ZPVE      =    0.027324463350
Normal mode eigenvalues : nmode = 9
 -0.007132742   0.003053996   0.012418395   0.030528834   0.050544693
  0.062353756   0.080813881   0.350776550   0.410569084
CONNECTION : 11 - 5

# Geometry of TS 6, SYMMETRY = Cs  
C 	  -0.108261305447	   0.881169038243	   0.821873520903
H 	   0.002486196792	   2.045459771158	   0.118695267533
H 	   0.111880510783	   1.942178830583	  -0.701000005389
C 	  -0.024421106045	  -0.302706499123	   0.090561989734
N 	   0.018287703917	  -1.420743140861	  -0.330130772779
Energy    = -131.882289860493 (-131.882289860493 :    0.000000000000)
Spin(**2) =    0.775098407631
ZPVE      =    0.020843816728
Normal mode eigenvalues : nmode = 9
 -0.007761659   0.003831946   0.005582539   0.011649021   0.012767893
  0.037685766   0.068527316   0.151396508   0.333297509
CONNECTION : DC - 0

# Geometry of TS 7, SYMMETRY = C1  
C 	   0.342123824095	   1.197613195529	   0.757475981848
H 	  -0.428056336078	   1.802007258796	   1.251253560731
H 	   0.413091026334	   0.732425463550	  -1.295483171831
C 	   0.066923223791	   0.306526557131	  -0.330079687597
N 	  -0.394109738139	  -0.893214474999	  -0.383166683155
Energy    = -131.902952441535 (-131.902952441535 :    0.000000000000)
Spin(**2) =    1.441850080689
ZPVE      =    0.026734683949
Normal mode eigenvalues : nmode = 9
 -0.010794162   0.008156014   0.015856109   0.026962630   0.040939118
  0.054377709   0.086236604   0.320811664   0.368290187
CONNECTION : 7 - 5

# Geometry of TS 8, SYMMETRY = Cs  
C 	  -0.039457232567	   1.061917014383	  -0.973223790589
H 	   0.067548518089	   0.641841773248	   1.131944040021
H 	   0.008987480301	   2.147877912884	  -0.927037669214
C 	  -0.013649882570	   0.207347842655	   0.069159682588
N 	  -0.023456883250	  -0.913626543165	   0.699157737194
Energy    = -131.883174181024 (-131.883174181024 :    0.000000000000)
Spin(**2) =    0.772162760060
ZPVE      =    0.024353540271
Normal mode eigenvalues : nmode = 9
 -0.037709881   0.002846713   0.009570961   0.010970442   0.020384706
  0.048047602   0.094194447   0.279193161   0.392335859
CONNECTION : 5 - 3

# Geometry of TS 9, SYMMETRY = Cs  
C 	  -0.249200898858	   0.936745868952	  -0.001675676634
H 	   0.132830727456	   1.355240862176	   0.929561880766
H 	   0.147793794344	   1.357400376427	  -0.925706340560
C 	  -1.347982205057	   0.180747552985	  -0.011554738618
N 	   1.316530582118	  -0.684776660541	   0.009374875047
Energy    = -131.777747510229 (-131.777747510229 :    0.000000000000)
Spin(**2) =    1.689524944344
ZPVE      =    0.025348065462
Normal mode eigenvalues : nmode = 9
 -0.003315632   0.000909728   0.006856034   0.010683919   0.025962032
  0.060535862   0.090902018   0.374621280   0.393669389
CONNECTION : 16 - DC

# Geometry of TS 10, SYMMETRY = Cs  
C 	  -0.014809184748	   1.092339210925	   0.958593369743
H 	  -0.008339200116	   2.171385665740	   1.028106935505
H 	   0.022332418692	   0.517795069335	  -1.225794635735
C 	  -0.001549234834	   0.254853174636	  -0.061078640214
N 	   0.002337201007	  -0.891015120638	  -0.699827029301
Energy    = -131.886967994218 (-131.886967994218 :    0.000000000000)
Spin(**2) =    1.054048778405
ZPVE      =    0.024039659520
Normal mode eigenvalues : nmode = 9
 -0.144836263   0.006664162   0.009975499   0.012486520   0.017750146
  0.047586832   0.093074299   0.213505833   0.410862151
CONNECTION : 5 - 3

# Geometry of TS 11, SYMMETRY = C1  
C 	  -1.022391923042	   1.390642690386	   0.494128369034
H 	   0.588903012130	   1.204629014653	   0.649765332555
H 	   0.093824770527	   0.934972630022	  -1.075179840227
C 	  -0.015958201559	   0.463955741687	  -0.061075472032
N 	   0.355594341944	  -0.848842076746	  -0.007638389330
Energy    = -131.791750872755 (-131.791750872755 :    0.000000000000)
Spin(**2) =    1.205397894120
ZPVE      =    0.023952893191
Normal mode eigenvalues : nmode = 9
 -0.089907371   0.003735772   0.016820917   0.028645787   0.040762835
  0.052959326   0.069137705   0.194107604   0.302215720
CONNECTION : 18 - 5

# Geometry of TS 12, SYMMETRY = C1  
C 	  -0.150891495354	   1.941066138015	   0.071198507583
H 	   0.035996520909	   1.676419228829	   1.141987517569
H 	  -0.008959087133	   0.953515435820	  -0.832196325656
C 	   0.033326177718	  -0.137468364836	  -0.307211776404
N 	   0.090499883858	  -1.288174437827	  -0.073777923092
Energy    = -131.858034711040 (-131.858034711040 :    0.000000000000)
Spin(**2) =    0.754784080828
ZPVE      =    0.021986510980
Normal mode eigenvalues : nmode = 9
 -0.014637567   0.000776593   0.001969957   0.008365081   0.014930524
  0.046545457   0.124203643   0.201679647   0.329799933
CONNECTION : DC - 0

# Geometry of TS 13, SYMMETRY = C1  
C 	   0.320906295600	   1.039475292065	   0.310053774531
H 	  -0.229306472129	   1.873554903507	   0.732065464108
H 	  -0.213857199025	   0.862048103569	  -1.031284919447
C 	   0.351440555114	  -0.355799493068	   0.620934771173
N 	  -0.229211179560	  -0.273920806072	  -0.631769090361
Energy    = -131.841267251168 (-131.841267251168 :    0.000000000000)
Spin(**2) =    0.768693067014
ZPVE      =    0.024613871059
Normal mode eigenvalues : nmode = 9
 -0.066192815   0.017861333   0.020929345   0.027501121   0.030004897
  0.038762108   0.064597253   0.163105579   0.396295175
CONNECTION : 0 - 20

# Geometry of TS 14, SYMMETRY = C1  
C 	  -0.401060559285	   1.281572462873	  -0.220544840125
H 	   0.252942887602	   0.723069858417	   1.060164766671
H 	   0.247867928177	   1.764342852159	  -0.978950478696
C 	  -0.423746437573	  -0.181836765573	  -0.424146003185
N 	   0.323968181077	  -0.441790407875	   0.563476555334
Energy    = -131.829656775620 (-131.829656775620 :    0.000000000000)
Spin(**2) =    0.789692835424
ZPVE      =    0.023768938270
Normal mode eigenvalues : nmode = 9
 -0.208435112   0.009381458   0.022026025   0.026465450   0.029024897
  0.046793744   0.086867585   0.129554008   0.336792339
CONNECTION : 3 - 0

# Geometry of TS 15, SYMMETRY = Cs  
C 	  -1.077402920326	   1.581503563251	  -0.576641377343
H 	   0.181564753941	  -0.301570946273	   1.435049991588
H 	   0.337258558133	   1.139056552142	  -1.225244358296
C 	  -0.076115271188	   0.775878228785	  -0.179213162434
N 	   0.634666879441	  -0.049509397904	   0.546048906487
Energy    = -131.911230599130 (-131.911230599130 :    0.000000000000)
Spin(**2) =    0.772609694633
ZPVE      =    0.026835860843
Normal mode eigenvalues : nmode = 9
 -0.003937218   0.008228555   0.025183058   0.025850311   0.042076078
  0.057614953   0.090398547   0.221943249   0.441453712
CONNECTION : 22 - 3

# Geometry of TS 16, SYMMETRY = C1  
C 	   0.749518002711	   0.871053986927	   0.344337112436
H 	   0.640837415689	   1.828909346223	   0.852064615196
H 	   0.155111927208	   0.832416367919	  -1.159034806490
C 	  -0.397335991604	  -0.114284209428	  -0.654562915652
N 	   0.047987431653	  -0.268450923674	   0.617369971953
Energy    = -131.862234885177 (-131.862234885177 :    0.000000000000)
Spin(**2) =    0.767603419426
ZPVE      =    0.025160967571
Normal mode eigenvalues : nmode = 9
 -0.028193154   0.010966916   0.022837085   0.028629385   0.034514382
  0.041605468   0.073365585   0.201473687   0.376986698
CONNECTION : 7 - 2

# Geometry of TS 17, SYMMETRY = C1  
C 	   0.082734216489	   1.123496608585	  -0.584792724115
H 	   0.034907124368	   0.093363891907	   1.476877733199
H 	  -0.414526416871	   1.992651273712	  -0.960224885912
C 	   0.683631473656	  -0.019145763186	  -0.474240041468
N 	  -0.386774397639	  -0.045008011021	   0.542379918296
Energy    = -131.882672861070 (-131.882672861070 :    0.000000000000)
Spin(**2) =    0.757229852295
ZPVE      =    0.028911989301
Normal mode eigenvalues : nmode = 9
 -0.017364213   0.009858976   0.023127834   0.027442298   0.031513877
  0.059739293   0.105018707   0.409088974   0.443796735
CONNECTION : 20 - 3

# Geometry of TS 18, SYMMETRY = Cs  
C 	   0.215548831644	   1.605995333291	  -1.044064469988
H 	  -0.295789366175	  -0.407055515117	   1.135571471308
H 	  -0.560096669069	   2.264540881714	  -1.362214044327
C 	   1.047344541990	   0.820021273454	  -0.625067600717
N 	  -0.407035338383	  -1.138143973348	   1.895774643727
Energy    = -131.798490799169 (-131.798490799169 :    0.000000000000)
Spin(**2) =    1.777059100382
ZPVE      =    0.022699418124
Normal mode eigenvalues : nmode = 9
 -0.000101523   0.000180450   0.000773310   0.000886769   0.007589853
  0.009456019   0.159313839   0.365515564   0.461333322
CONNECTION : DC - DC

# Geometry of TS 19, SYMMETRY = C1  
C 	  -0.048300363538	   0.288250804767	  -1.499637061984
H 	   0.159085150782	  -0.129835037400	   1.418194617873
H 	   0.059779748694	   2.062702112863	  -0.049837764307
C 	  -0.047390049109	   1.013272707475	  -0.307493515742
N 	  -0.123202486827	  -0.089032587706	   0.438773724157
Energy    = -131.906192454251 (-131.906192454251 :    0.000000000000)
Spin(**2) =    0.770570398436
ZPVE      =    0.029181727118
Normal mode eigenvalues : nmode = 9
 -0.001593833   0.006017279   0.030927191   0.032665539   0.042717455
  0.073991491   0.076040710   0.384591360   0.466588132
CONNECTION : 21 - 20

# Geometry of TS 20, SYMMETRY = Cs  
C 	  -0.080050143672	  -0.090351267575	  -0.887636318926
H 	   0.136958749573	  -0.481108430856	   1.244159518864
H 	  -0.009026534934	   2.175032729324	   0.097973048071
C 	  -0.089942539629	   1.551063650833	  -0.815196977417
N 	   0.042032468663	  -0.009278681730	   0.360700729405
Energy    = -131.852310398873 (-131.852310398873 :    0.000000000000)
Spin(**2) =    0.928585875507
ZPVE      =    0.024709910446
Normal mode eigenvalues : nmode = 9
 -0.012737348   0.001562745   0.004490951   0.004909541   0.016332805
  0.033223357   0.102081510   0.337344252   0.522718101
CONNECTION : 3 - 20

# Geometry of TS 21, SYMMETRY = Cs  
C 	   0.020095837422	   1.141658630043	   0.309914484650
H 	   0.093646631779	   1.616527453112	   1.260605706083
H 	  -0.153750777292	   0.495426426567	  -1.875513234492
C 	  -0.074493515634	   0.844496636190	  -0.872262098558
N 	   0.114473823723	  -0.952751145912	   1.177255142317
Energy    = -131.848981028269 (-131.848981028269 :    0.000000000000)
Spin(**2) =    1.689059842797
ZPVE      =    0.027139936921
Normal mode eigenvalues : nmode = 9
 -0.003225685   0.000749495   0.014017271   0.016225625   0.021963355
  0.022895271   0.148487335   0.449797551   0.474476664
CONNECTION : DC - 7

# Geometry of TS 22, SYMMETRY = C1  
C 	   1.089468199434	   1.528653282429	   0.154334166908
H 	   0.759622616947	   1.634956949552	   1.207516439192
H 	   0.473890045448	   0.917720715622	  -0.814646125428
C 	  -0.912357705311	  -0.928279068591	  -0.117250116268
N 	  -0.214504370861	  -0.003407311040	  -0.429780386959
Energy    = -131.835848495670 (-131.835848495670 :    0.000000000000)
Spin(**2) =    0.757385255951
ZPVE      =    0.020639637251
Normal mode eigenvalues : nmode = 9
 -0.057780052   0.000328655   0.001175328   0.004682978   0.010989901
  0.030972018   0.126717358   0.169973466   0.351072557
CONNECTION : 2 - DC

# Geometry of TS 23, SYMMETRY = C1  
C 	   1.081483847053	   1.391653538689	  -0.950994485989
H 	  -0.117267799408	  -0.161667585912	   1.439929588503
H 	  -0.831468226847	   1.436852611337	  -0.587869065749
C 	   0.054826993161	   0.827066878618	  -0.320293346370
N 	  -0.187602813956	  -0.348547442731	   0.419227309599
Energy    = -131.889814754207 (-131.889814754207 :    0.000000000000)
Spin(**2) =    0.761766749662
ZPVE      =    0.027204581275
Normal mode eigenvalues : nmode = 9
 -0.020321835   0.003975908   0.013641227   0.031406324   0.040877772
  0.052245034   0.102255443   0.335795081   0.404420833
CONNECTION : 22 - 21

# Geometry of TS 24, SYMMETRY = C1  
C 	   0.420665742734	   2.369142585227	  -0.349129133370
H 	   0.205504857074	  -0.603042367056	   1.001077856775
H 	  -0.283729802954	   0.321165035614	  -0.940302262795
C 	   0.062599288726	   1.134958051498	  -0.065160720582
N 	  -0.405068085579	  -0.076865305286	   0.353514259969
Energy    = -131.838447159646 (-131.838447159646 :    0.000000000000)
Spin(**2) =    0.764618607579
ZPVE      =    0.024118028109
Normal mode eigenvalues : nmode = 9
 -0.134596842   0.001760527   0.004013482   0.008545401   0.038316336
  0.050467829   0.117847618   0.206120048   0.414750934
CONNECTION : 3 - 27

# Geometry of TS 25, SYMMETRY = C1  
C 	   0.169685156315	   1.639929079039	  -0.325611813132
H 	   0.574635500880	   0.715506473588	   0.935928881102
H 	   1.012448771603	   1.512837767426	  -1.055891578581
C 	  -0.551306254154	  -0.916323974810	   0.298820407667
N 	  -0.009344388989	   0.197695222727	   0.146928080386
Energy    = -131.825227876728 (-131.825227876728 :    0.000000000000)
Spin(**2) =    0.758884592194
ZPVE      =    0.022808567794
Normal mode eigenvalues : nmode = 9
 -0.042225552   0.003619026   0.006475027   0.008726278   0.018921835
  0.054466482   0.098361562   0.224806811   0.307909362
CONNECTION : 2 - 20

# Geometry of TS 26, SYMMETRY = C1  
C 	   0.854249454992	   1.209898576969	  -0.436594388092
H 	   0.124973022657	   0.593550530449	   1.549321612645
H 	   0.364593309289	   1.394486004280	  -1.400467987527
C 	  -0.270224478952	  -0.490210657067	  -0.256279231609
N 	   0.122527477669	   0.441920113338	   0.544193972027
Energy    = -131.863123628754 (-131.863123628754 :    0.000000000000)
Spin(**2) =    0.759884079553
ZPVE      =    0.028784669044
Normal mode eigenvalues : nmode = 9
 -0.010657756   0.014705427   0.020232042   0.024097179   0.040560446
  0.066409178   0.088176536   0.365696394   0.460271635
CONNECTION : 26 - 20

# Geometry of TS 27, SYMMETRY = C1  
C 	   0.810860741405	   0.769602261357	   0.958624247812
H 	   0.705752312113	   1.767315840409	   1.425571444991
H 	  -0.177183307196	  -0.010873894979	  -1.835490461493
C 	   0.203892612971	   0.253933905779	  -0.853777048400
N 	  -0.347203573633	   0.369666455401	   0.305245794537
Energy    = -131.867397659763 (-131.867397659763 :    0.000000000000)
Spin(**2) =    1.062566404122
ZPVE      =    0.026359777385
Normal mode eigenvalues : nmode = 9
 -0.030982463   0.003624282   0.014262733   0.025815043   0.038979863
  0.047556069   0.086808405   0.335165900   0.386267323
CONNECTION : 13 - 7

# Geometry of TS 28, SYMMETRY = Cs  
C 	   0.524961925239	   2.111628732324	  -0.489127511545
H 	   0.225784401436	  -0.372705837011	   1.789149370039
H 	   0.347546802383	   1.937377867859	  -1.599017082073
C 	   0.111265467757	  -0.303169143548	   0.729975836776
N 	  -0.013439811154	  -0.223487051655	  -0.430806635754
Energy    = -131.870849208514 (-131.870849208514 :    0.000000000000)
Spin(**2) =    0.752447845469
ZPVE      =    0.024757454782
Normal mode eigenvalues : nmode = 9
 -0.001702103   0.000344711   0.001591685   0.013962461   0.022634134
  0.023861952   0.171787491   0.290326309   0.461336969
CONNECTION : 7 - 13

# Geometry of TS 29, SYMMETRY = C1  
C 	  -0.015799564233	   1.166950873584	  -0.481557849197
H 	   1.062537511854	   1.558026882945	   0.657749813866
H 	   1.042756511714	   1.705927612380	  -0.302652450307
C 	  -0.647966662920	  -1.198741631870	   0.187220015997
N 	  -0.245409010757	  -0.082519169068	  -0.060585552912
Energy    = -131.846947728506 (-131.846947728506 :    0.000000000000)
Spin(**2) =    0.761294318330
ZPVE      =    0.020540259375
Normal mode eigenvalues : nmode = 9
 -0.085170322   0.004140104   0.005285390   0.013502684   0.026816057
  0.043246355   0.083631149   0.137020808   0.220555020
CONNECTION : DC - 2

# Geometry of TS 30, SYMMETRY = C1  
C 	   0.146537233731	   1.169811136169	   0.240934093903
H 	   0.801309523088	   1.540140273761	   1.038388901806
H 	   0.611050200506	   0.393017337699	  -0.418733987304
C 	   0.668308263968	  -1.523683944268	  -0.925067168397
N 	  -1.031086435635	   1.570359764605	   0.064652137438
Energy    = -131.799805004153 (-131.799805004153 :    0.000000000000)
Spin(**2) =    1.702393255033
ZPVE      =    0.024973511237
Normal mode eigenvalues : nmode = 9
 -0.000156633   0.000234787   0.000897715   0.034059807   0.037818067
  0.073211885   0.107018086   0.263150500   0.357009066
CONNECTION : DC - DC

# Geometry of TS 31, SYMMETRY = Cs  
C 	   0.348670830287	   1.132792725852	  -0.015624807863
H 	   0.595359811820	   1.184906411515	   1.018719522300
H 	  -0.181128526688	   1.009195545465	  -2.225650155806
C 	   0.066439645405	   1.065628205232	  -1.191626758331
N 	   0.366777024834	  -1.242878320096	   2.414356177143
Energy    = -131.850606763964 (-131.850606763964 :    0.000000000000)
Spin(**2) =    1.750232900051
ZPVE      =    0.027404184518
Normal mode eigenvalues : nmode = 9
 -0.000042991   0.000205668   0.015969323   0.016365468   0.023104170
  0.023577198   0.161902729   0.450592228   0.479195775
CONNECTION : DC - DC

# Geometry of TS 32, SYMMETRY = C1  
C 	   0.052166213935	   1.271994775978	   0.629398061907
H 	   1.050656765118	   1.646666016161	   0.847163241196
H 	   0.579303072015	   0.463768941239	  -1.324351839154
C 	  -0.010429707234	  -0.247368610155	  -0.693935346045
N 	  -0.475577558178	   0.014583444743	   0.541899859540
Energy    = -131.859544140171 (-131.859544140171 :    0.000000000000)
Spin(**2) =    1.099905096576
ZPVE      =    0.024098476662
Normal mode eigenvalues : nmode = 9
 -0.010156818   0.000413230   0.007411902   0.019596068   0.030967030
  0.039591010   0.068744859   0.308661845   0.382743107
CONNECTION : 7 - 13

# Geometry of TS 33, SYMMETRY = Cs  
C 	   0.074795784368	   1.027178000447	   1.085178381608
H 	   0.946664573665	   1.450099609445	  -0.043736645781
H 	   0.880483083571	   0.853000266673	  -0.844993797820
C 	  -0.069766569652	  -0.277580289292	  -0.665759253059
N 	  -0.636058086296	   0.096946980694	   0.469485292498
Energy    = -131.814908280037 (-131.814908280037 :    0.000000000000)
Spin(**2) =    0.768408518498
ZPVE      =    0.020130107955
Normal mode eigenvalues : nmode = 9
 -0.098752620   0.012756838   0.014539634   0.024785389   0.042943684
  0.056399167   0.067294933   0.081664342   0.114288702
CONNECTION : 33 - DC

# Geometry of TS 34, SYMMETRY = Cs  
C 	   0.464288642240	   1.103923256613	  -1.148422637678
H 	   0.443504075528	   0.787906215379	   0.957587062383
H 	   1.075234688026	   1.879517629423	  -0.572655088436
C 	  -0.739445703281	  -0.809573862927	   0.471155403607
N 	  -0.047462916856	   0.187871329481	   0.292509237568
Energy    = -131.834619417639 (-131.834619417639 :    0.000000000000)
Spin(**2) =    0.780031819331
ZPVE      =    0.024934909094
Normal mode eigenvalues : nmode = 9
 -0.003673953   0.000918847   0.004657484   0.011660806   0.027216639
  0.043849356   0.119706621   0.270181437   0.465820939
CONNECTION : 20 - 3

# Geometry of TS 35, SYMMETRY = C2v 
C 	   0.888618218146	   0.820207998339	  -0.930868160339
H 	  -0.104342111635	  -0.339308922675	   0.794867171649
H 	  -1.250459399863	   0.566498650156	  -0.113476181118
C 	   0.751981565760	   1.686103056799	   0.105466188275
N 	  -0.285826272404	   0.411857217375	   0.144010981530
Energy    = -131.853396774693 (-131.853396774693 :    0.000000000000)
Spin(**2) =    0.754463363628
ZPVE      =    0.031433693014
Normal mode eigenvalues : nmode = 9
 -0.056545673   0.020973790   0.022583453   0.025519507   0.042027255
  0.083171351   0.106461339   0.478674113   0.515159889
CONNECTION : 27 - 27

# Geometry of TS 36, SYMMETRY = C1  
C 	   0.352059901953	   1.530248764120	  -0.805563329362
H 	  -0.458274860651	  -0.055797636112	   1.169198004066
H 	  -0.869646007237	   1.078758533981	  -0.410707952193
C 	   1.130406802169	   0.439473727299	  -0.170939608118
N 	  -0.154573836229	   0.152674610706	   0.218012885607
Energy    = -131.812489890076 (-131.812489890076 :    0.000000000000)
Spin(**2) =    0.759854946931
ZPVE      =    0.024673779215
Normal mode eigenvalues : nmode = 9
 -0.097922014   0.008942618   0.020622101   0.026858719   0.035802542
  0.042721760   0.060039956   0.145747980   0.465322752
CONNECTION : 20 - 27

# Geometry of TS 37, SYMMETRY = Cs  
C 	  -0.358014319622	   1.128674134303	  -0.934578555160
H 	   0.732463144911	   0.234896681313	   0.717157675566
H 	   0.644302442147	   1.329077856649	  -1.360923690048
C 	  -0.795950635138	  -0.047521874686	   1.323180144308
N 	  -0.222828632311	   0.500231202427	   0.255164425352
Energy    = -131.838555074686 (-131.838555074686 :    0.000000000000)
Spin(**2) =    0.770909306227
ZPVE      =    0.025000706432
Normal mode eigenvalues : nmode = 9
 -0.004963391   0.009468011   0.015253160   0.019983923   0.038834532
  0.045719789   0.068252615   0.268692600   0.338909986
CONNECTION : 13 - 39

# Geometry of TS 38, SYMMETRY = Cs  
C 	   0.053847995491	   0.923635014834	   0.477560580164
H 	   0.169900184496	   1.391589324263	   1.436775962157
H 	  -0.135055131362	  -0.045915403823	  -1.171100819351
C 	  -0.173773000544	   1.255323390353	  -0.849627972167
N 	   0.085051951923	  -0.379274325624	   0.106392249190
Energy    = -131.894040918352 (-131.894040918352 :    0.000000000000)
Spin(**2) =    0.773385511292
ZPVE      =    0.026515920858
Normal mode eigenvalues : nmode = 9
 -0.065899218   0.021424915   0.022313452   0.032953361   0.042457758
  0.054798503   0.077590720   0.172058344   0.426980203
CONNECTION : 7 - 22

# Geometry of TS 39, SYMMETRY = C1  
C 	   0.398582691103	   0.692844344850	   1.214277287328
H 	  -0.144008459266	   1.668536944942	   1.112067921196
H 	  -0.137831743584	   0.559039109217	  -1.793734385762
C 	  -0.233732664408	   0.533818372185	  -0.712013008460
N 	   0.116962176160	  -0.308880771187	   0.179402185692
Energy    = -131.864811143020 (-131.864811143020 :    0.000000000000)
Spin(**2) =    1.005374824819
ZPVE      =    0.025606415629
Normal mode eigenvalues : nmode = 9
 -0.008194521   0.004381270   0.015787184   0.020897974   0.031766561
  0.040315864   0.087555729   0.305374114   0.387660198
CONNECTION : 13 - 7

# Geometry of TS 40, SYMMETRY = C1  
C 	   0.473894730574	   0.865139732673	  -0.908205443187
H 	  -0.368361722406	  -0.236589597830	   2.370077593358
H 	  -1.174868668958	   0.717453489816	   0.438043855658
C 	   1.461241584206	   0.714538365401	  -1.825887145631
N 	  -0.391933923408	   1.084816009936	  -0.074028860204
Energy    = -131.825520516740 (-131.825520516740 :    0.000000000000)
Spin(**2) =    1.743407836409
ZPVE      =    0.018880242854
Normal mode eigenvalues : nmode = 9
 -0.002260638   0.000346556   0.001469679   0.003374367   0.004586152
  0.012308109   0.047447205   0.141185530   0.525509865
CONNECTION : DC - 27

# Geometry of TS 41, SYMMETRY = C1  
C 	   0.538775795320	   1.612436324218	  -0.561725834916
H 	  -0.299259464049	  -0.142543378731	   1.128958953928
H 	  -0.722995548261	   1.338765314725	  -0.186697943699
C 	   0.877100711533	   0.334292473977	  -0.487342840258
N 	  -0.393649494539	   0.002407265806	   0.106807664945
Energy    = -131.804221281027 (-131.804221281027 :    0.000000000000)
Spin(**2) =    0.770054167543
ZPVE      =    0.025528148162
Normal mode eigenvalues : nmode = 9
 -0.141198306   0.010572136   0.019526475   0.027236513   0.040760815
  0.061179667   0.092046526   0.144718215   0.408606215
CONNECTION : 3 - 27

# Geometry of TS 42, SYMMETRY = C1  
C 	   0.026170572652	   1.200275969011	  -0.412202531389
H 	  -0.234029207926	  -0.170706836353	   1.214997988190
H 	  -0.571824345411	   2.088160439054	  -0.417067772620
C 	   0.991622654614	   0.338168197929	  -0.568322397000
N 	  -0.211967673924	  -0.310539769646	   0.182594712816
Energy    = -131.873725633251 (-131.873725633251 :    0.000000000000)
Spin(**2) =    0.758201417715
ZPVE      =    0.027896728094
Normal mode eigenvalues : nmode = 9
 -0.101243289   0.013786223   0.016864374   0.021674927   0.028924324
  0.052539883   0.091096083   0.390120350   0.438128316
CONNECTION : 3 - 20

# Geometry of TS 43, SYMMETRY = Cs  
C 	   0.295111953455	   1.506162762527	  -0.503305949280
H 	  -0.720411326503	   0.525993936246	   0.680778366577
H 	  -0.651886083628	   1.519012867300	   0.354171984148
C 	   0.893374994238	   0.100813941272	  -0.669431210899
N 	   0.183782462440	  -0.506625507349	   0.137786809453
Energy    = -131.803754749455 (-131.803754749455 :    0.000000000000)
Spin(**2) =    0.796642548548
ZPVE      =    0.019155681150
Normal mode eigenvalues : nmode = 9
 -0.094457086   0.005957799   0.007950525   0.020059690   0.025198226
  0.037990179   0.071529432   0.109701585   0.140939077
CONNECTION : 3 - DC

# Geometry of TS 44, SYMMETRY = Cs  
C 	   0.370202831376	   1.462929414968	  -0.577188625286
H 	   0.353507305154	   0.551009538316	   1.260144852210
H 	  -0.066305519350	   1.292391814331	  -1.580613927683
C 	  -0.632006891234	  -0.640233764513	   0.666191709827
N 	  -0.025425725956	   0.479260996912	   0.231465990944
Energy    = -131.829366275521 (-131.829366275521 :    0.000000000000)
Spin(**2) =    0.765652951197
ZPVE      =    0.024443493919
Normal mode eigenvalues : nmode = 9
 -0.007120194   0.001886613   0.019177979   0.020234238   0.033626984
  0.049139416   0.068108266   0.265576871   0.338387183
CONNECTION : 13 - 29

# Geometry of TS 45, SYMMETRY = Cs  
C 	   0.568456047656	   1.505653586478	  -1.098415026170
H 	  -0.409371033363	  -0.370031781565	   1.262050424306
H 	  -0.751480491316	   1.067878794369	  -0.593748757039
C 	   0.879937486634	   0.686711982879	  -0.036529828210
N 	  -0.287570009606	   0.255145417833	   0.466643187111
Energy    = -131.801874300927 (-131.801874300927 :    0.000000000000)
Spin(**2) =    1.664473302847
ZPVE      =    0.024713570949
Normal mode eigenvalues : nmode = 9
 -0.200659953   0.014809133   0.016819137   0.028983472   0.035459426
  0.058502473   0.062314208   0.106510411   0.465824730
CONNECTION : 3 - 27

# Geometry of TS 46, SYMMETRY = C1  
C 	   1.269215316467	   0.563213067009	  -0.169728485505
H 	   2.118764413127	   0.102006304242	   0.296469974717
H 	  -2.179450528189	   0.860677741683	  -0.130261415503
C 	  -0.008010408923	   0.678801249908	  -0.012378692800
N 	  -1.200546792473	   0.940659637149	   0.015898619092
Energy    = -131.981672337808 (-131.981672337808 :    0.000000000000)
Spin(**2) =    0.763134089620
ZPVE      =    0.028235510134
Normal mode eigenvalues : nmode = 9
 -0.048764174   0.004229335   0.008103106   0.008501189   0.009758732
  0.062156027   0.157790596   0.433959990   0.577163814
CONNECTION : 3 - 3

# Geometry of TS 47, SYMMETRY = C1  
C 	  -1.133754658437	   1.188566627374	  -0.954433446113
H 	  -0.127727066428	  -0.251302118108	   1.654437083711
H 	  -0.391775396945	   1.562609620875	  -1.735582061679
C 	   1.166196117915	   0.542651048731	   0.085012975794
N 	   0.487033003900	   0.102832821125	   0.950565448282
Energy    = -131.845207713278 (-131.845207713278 :    0.000000000000)
Spin(**2) =    0.752510662972
ZPVE      =    0.023948176062
Normal mode eigenvalues : nmode = 9
 -0.002175462   0.000030180   0.001171126   0.008408085   0.012951327
  0.015031617   0.158279332   0.285162223   0.555445578
CONNECTION : 29 - 3

# Geometry of TS 48, SYMMETRY = Cs  
C 	   0.481998088818	   2.769460702832	  -2.150179595262
H 	  -0.172580115796	  -1.222969728604	   2.062303437754
H 	  -0.120236228221	   1.938879926620	  -1.658041644122
C 	  -0.064923556977	   0.222334913032	   0.430297268772
N 	  -0.124286187824	  -0.562347813890	   1.315620532866
Energy    = -131.841573070821 (-131.841573070821 :    0.000000000000)
Spin(**2) =    0.770258613252
ZPVE      =    0.022945670401
Normal mode eigenvalues : nmode = 9
 -0.001250998   0.000079619   0.000092034   0.000626100   0.013261863
  0.013305771   0.161737386   0.286987500   0.558633711
CONNECTION : DC - DC

# Geometry of TS 49, SYMMETRY = C1  
C 	  -1.008373732588	   1.405488573638	  -0.184215378645
H 	  -0.269248522995	  -0.215626194087	   1.279252046107
H 	   0.897110175323	   0.782648601845	  -1.388904371608
C 	   0.164372454010	   0.850759314666	  -0.598831360757
N 	   0.270003762278	   0.408459556438	   0.691764778459
Energy    = -131.900017356031 (-131.900017356031 :    0.000000000000)
Spin(**2) =    0.757476112736
ZPVE      =    0.029384050874
Normal mode eigenvalues : nmode = 9
 -0.019676458   0.010677427   0.022897853   0.026493628   0.046813699
  0.058777781   0.086131384   0.404177970   0.495143644
CONNECTION : 22 - 20

# Geometry of TS 50, SYMMETRY = Cs  
C 	  -0.139316240152	   1.409433587673	  -0.421604839829
H 	  -0.420394388732	   0.421254136243	   1.573577892191
H 	   0.172736212503	   1.453306361393	  -1.460747559340
C 	  -0.080610473635	   0.378755815252	   0.543297282499
N 	   0.468273666863	  -0.588018357425	  -0.117937882952
Energy    = -131.926738167018 (-131.926738167018 :    0.000000000000)
Spin(**2) =    1.216397866457
ZPVE      =    0.028051199166
Normal mode eigenvalues : nmode = 9
 -0.001032286   0.005697397   0.020630533   0.031201453   0.043336535
  0.062059408   0.083464723   0.384466437   0.401078990
CONNECTION : 11 - 7

# Geometry of TS 51, SYMMETRY = C1  
C 	  -0.285410210002	   1.511310437041	  -0.958669905140
H 	   0.284476155888	  -0.314888506686	   1.883059492994
H 	   0.323020917999	   1.356705637320	  -1.860926645988
C 	  -0.194920633211	  -0.079937539520	   0.951653600248
N 	  -0.127194230681	   0.672167971852	  -0.015116542099
Energy    = -131.950095097494 (-131.950095097494 :    0.000000000000)
Spin(**2) =    0.771773222927
ZPVE      =    0.027590481829
Normal mode eigenvalues : nmode = 9
 -0.014381639   0.006938495   0.009195565   0.016922324   0.033856100
  0.061086403   0.132170574   0.357346132   0.427974491
CONNECTION : 13 - 13

# Geometry of TS 52, SYMMETRY = C2h 
C 	   0.367498723187	   1.392049700889	  -0.876143120730
H 	  -0.310122287765	  -0.081019871206	   1.999898457272
H 	   0.310510273845	   1.310801285029	  -1.953264050865
C 	  -0.367283664378	  -0.162086130127	   0.922774835264
N 	   0.000085731961	   0.614986558549	   0.023318771626
Energy    = -131.952324639017 (-131.952324639017 :    0.000000000000)
Spin(**2) =    0.768850009021
ZPVE      =    0.027365744234
Normal mode eigenvalues : nmode = 9
 -0.008721362   0.007917545   0.007971237   0.009362876   0.030575253
  0.064233511   0.130924244   0.403302449   0.405204902
CONNECTION : 13 - 13

# Geometry of TS 53, SYMMETRY = Cs  
C 	  -0.395596238778	   2.228552149828	  -0.403647304745
H 	  -0.059632675501	   0.300248296890	   1.295467925922
H 	  -0.342707035047	   2.501235440058	  -1.507443658554
C 	   0.237892501622	  -0.512466375218	   0.670243559543
N 	   0.560015447694	  -1.372211511551	  -0.054620522160
Energy    = -131.866737046146 (-131.866737046146 :    0.000000000000)
Spin(**2) =    0.751933744330
ZPVE      =    0.023867950009
Normal mode eigenvalues : nmode = 9
 -0.000317095   0.000691967   0.000775615   0.002859369   0.020173038
  0.024445803   0.173163241   0.289070254   0.460099353
CONNECTION : DC - DC

# Geometry of TS 54, SYMMETRY = C2v 
C 	  -0.163242022821	   1.453877681030	  -0.959788929136
H 	   0.208573749106	  -0.624625580606	   1.640470923092
H 	   0.146817435504	   1.249881474045	  -1.974545586415
C 	  -0.125096231682	   0.317866458968	   1.230909693200
N 	  -0.067080930115	   0.748357966568	   0.062953899271
Energy    = -131.950532246145 (-131.950532246145 :    0.000000000000)
Spin(**2) =    0.769007734338
ZPVE      =    0.027431955574
Normal mode eigenvalues : nmode = 9
 -0.010283770   0.007576448   0.008857828   0.010041458   0.030541029
  0.066545993   0.122253994   0.407676254   0.409852537
CONNECTION : 13 - 13

# Geometry of TS 55, SYMMETRY = Cs  
C 	   0.100432006608	   1.173001486728	  -0.555728757359
H 	   0.419864880829	  -0.365642201247	   1.351440344886
H 	   0.404798167304	   1.169414264527	  -1.592577061507
C 	   0.107185250859	   0.485246154631	   0.763286662055
N 	  -1.032308305610	   0.683338295369	   0.033578811942
Energy    = -131.923962130052 (-131.923962130052 :    0.000000000000)
Spin(**2) =    0.791296694872
ZPVE      =    0.028941582329
Normal mode eigenvalues : nmode = 9
 -0.057660390   0.020391404   0.027423842   0.034497404   0.037066665
  0.053815740   0.082682853   0.396628172   0.403689218
CONNECTION : 7 - 7

# Geometry of TS 56, SYMMETRY = Cs  
C 	   0.137017091663	   0.430572351194	   0.225623887730
H 	   0.038475720158	   1.423203027336	   0.886047861454
H 	  -0.618289303629	   1.016288245137	  -1.510261643024
C 	   0.645239361663	   0.058077334474	   1.414562595134
N 	  -0.202470869859	   0.217217041859	  -1.015972701298
Energy    = -131.911935970763 (-131.911935970763 :    0.000000000000)
Spin(**2) =    0.771089308832
ZPVE      =    0.026414925671
Normal mode eigenvalues : nmode = 9
 -0.007168533   0.007997308   0.018911694   0.023372509   0.045555187
  0.051638202   0.099681922   0.203906038   0.445953998
CONNECTION : 21 - 3

# Geometry of TS 57, SYMMETRY = Cs  
C 	  -0.308599270824	   1.444167047554	  -0.320226035976
H 	   0.424713831931	   1.225992551729	   0.866073270320
H 	  -0.247623450600	  -0.465766404648	  -1.371862017245
C 	   0.706834851823	  -0.119870273823	   0.554890694808
N 	  -0.012546799695	   0.126542916539	  -0.588957888917
Energy    = -131.845029480764 (-131.845029480764 :    0.000000000000)
Spin(**2) =    0.772598465674
ZPVE      =    0.024855919859
Normal mode eigenvalues : nmode = 9
 -0.046403622   0.000964758   0.018581933   0.022076050   0.045473491
  0.061021403   0.065099255   0.144550420   0.505368374
CONNECTION : 29 - 29

# Geometry of TS 58, SYMMETRY = C1  
C 	   0.199071496599	   0.976346441321	   0.438778152217
H 	   0.251203661006	   2.052052476262	   0.429542269162
H 	   0.019723276478	  -0.476990296250	  -2.384887858082
C 	   0.499240631339	  -0.351102634766	   0.883732432928
N 	  -0.406459902786	   0.010759850786	  -0.227246973236
Energy    = -131.827273966156 (-131.827273966156 :    0.000000000000)
Spin(**2) =    0.753570516728
ZPVE      =    0.020557788115
Normal mode eigenvalues : nmode = 9
 -0.002070031   0.000586507   0.001379219   0.021569001   0.030009872
  0.035199216   0.059681907   0.089024558   0.414357438
CONNECTION : DC - 20

# Geometry of TS 59, SYMMETRY = C1  
C 	  -1.042615837990	   1.536020060941	  -0.645545507186
H 	   0.174883674329	   0.647683944579	   1.010120196618
H 	   0.890472127144	   1.029026890508	  -0.717832439532
C 	  -0.026975577115	   0.705557703637	  -0.189030634671
N 	   0.058099749660	  -0.686558747167	   0.341354098326
Energy    = -131.784624136317 (-131.784624136317 :    0.000000000000)
Spin(**2) =    1.160249602883
ZPVE      =    0.023388323111
Normal mode eigenvalues : nmode = 9
 -0.122950775   0.004100253   0.017338422   0.022735794   0.036161329
  0.041465646   0.064583013   0.176377618   0.339601368
CONNECTION : 22 - 0

# Geometry of TS 60, SYMMETRY = C1  
C 	  -1.007227341917	   1.622268621068	  -0.568576205762
H 	  -0.301841166527	  -0.218906419031	   0.492396873635
H 	   0.551427428506	   0.473061986070	  -1.068360244843
C 	   0.005418636568	   0.767652274159	  -0.151293454705
N 	   0.806086579398	   0.587653390232	   1.094898745232
Energy    = -131.784624133977 (-131.784624133977 :    0.000000000000)
Spin(**2) =    1.160483733580
ZPVE      =    0.023388999453
Normal mode eigenvalues : nmode = 9
 -0.122946193   0.004102205   0.017343924   0.022740372   0.036164794
  0.041474209   0.064541207   0.176391399   0.339650517
CONNECTION : 22 - 16

# Geometry of TS 61, SYMMETRY = Cs  
C 	   0.407962679079	   0.454396576209	   0.742656033293
H 	  -0.095200094090	   2.264616280159	  -1.157332949907
H 	  -0.292044612720	   2.541704380971	  -1.819419142729
C 	   0.311679745493	  -0.925590057492	   0.701346751452
N 	   0.230381444876	  -2.124061342494	   0.672667330880
Energy    = -131.885456848369 (-131.885456848369 :    0.000000000000)
Spin(**2) =    0.766328703290
ZPVE      =    0.020052406223
Normal mode eigenvalues : nmode = 9
 -0.000017753   0.000770908   0.002428758   0.003121805   0.003736028
  0.004794661   0.042473861   0.146630477   0.739573749
CONNECTION : DC - DC

# Geometry of TS 62, SYMMETRY = Cs  
C 	  -0.830129340661	   1.817426227951	  -0.212247358448
H 	  -0.230726053723	  -0.436198531770	  -0.342675089108
H 	   0.448812599307	  -0.024744134046	  -0.864231553495
C 	   0.001780807441	   0.773410501737	   0.048242808428
N 	   0.664126123663	   1.101835788630	   1.169976906179
Energy    = -131.767549711495 (-131.767549711495 :    0.000000000000)
Spin(**2) =    0.861477901677
ZPVE      =    0.020541143131
Normal mode eigenvalues : nmode = 9
 -0.144291830   0.002285167   0.010150484   0.027603854   0.035864626
  0.060415656   0.061981235   0.084071745   0.216445317
CONNECTION : 16 - DC

# Geometry of TS 63, SYMMETRY = C1  
C 	  -0.391167933942	   1.160451765618	  -0.730985490791
H 	  -0.113523751016	   0.657737957623	   1.372674682113
H 	   0.282792384065	   1.970709122991	  -1.037912060196
C 	  -0.057469466137	   0.256273276203	   0.343618597128
N 	   0.280057543874	  -0.970440579301	   0.169189164311
Energy    = -131.904672964616 (-131.904672964616 :    0.000000000000)
Spin(**2) =    1.469128202458
ZPVE      =    0.026988123566
Normal mode eigenvalues : nmode = 9
 -0.009640178   0.007891258   0.016838297   0.028739900   0.040846330
  0.056964920   0.089907118   0.326562643   0.365213965
CONNECTION : 9 - 7

# Geometry of TS 64, SYMMETRY = C1  
C 	  -0.088263239614	   0.847685809115	   1.255643525602
H 	  -0.354987394975	   1.751163881107	   0.618230008714
H 	   0.297882140670	   0.513111848499	  -1.677656437516
C 	   0.115711568574	   0.217529260825	  -0.665224244277
N 	  -0.016083552122	  -0.541375696792	   0.275906037101
Energy    = -131.866116461032 (-131.866116461032 :    0.000000000000)
Spin(**2) =    0.758943149947
ZPVE      =    0.025011717569
Normal mode eigenvalues : nmode = 9
 -0.006265403   0.002822135   0.006356742   0.015116581   0.017348073
  0.038432865   0.126925355   0.280403828   0.444103790
CONNECTION : 13 - 7

# Geometry of TS 65, SYMMETRY = Cs  
C 	   0.416948800749	   0.725520650839	   0.807779634026
H 	   0.158058679986	   1.704854501446	   0.469509520934
H 	  -0.319008302291	  -0.511996220840	  -1.787137720335
C 	   0.791385658895	  -0.239675927935	   1.479721146920
N 	  -0.484605674708	   0.532362833843	  -1.829954558558
Energy    = -131.797544706752 (-131.797544706752 :    0.000000000000)
Spin(**2) =    1.744987756084
ZPVE      =    0.021140731935
Normal mode eigenvalues : nmode = 9
 -0.008179050   0.000206824   0.000692145   0.001899938   0.003079234
  0.005299222   0.096040451   0.372198140   0.452486353
CONNECTION : DC - 22

# Geometry of TS 66, SYMMETRY = Cs  
C 	   1.264742473845	   1.745678230125	   0.315936458994
H 	   1.292643345798	   1.645731808517	   1.445667261963
H 	   0.141435621093	   0.647801945666	  -1.093583015347
C 	  -1.076076426811	  -0.844609576509	  -0.037127627603
N 	  -0.426626228269	  -0.044957839826	  -0.630719100561
Energy    = -131.846193515700 (-131.846193515700 :    0.000000000000)
Spin(**2) =    0.752068219591
ZPVE      =    0.023802523038
Normal mode eigenvalues : nmode = 9
 -0.000534278   0.000995399   0.001252935   0.005297501   0.014535844
  0.014550048   0.155532253   0.296563183   0.507857850
CONNECTION : 29 - 35

# Geometry of TS 67, SYMMETRY = C1  
C 	   0.059810875135	   1.094075188840	   1.098167306761
H 	   0.868572957816	   1.606943803884	   0.500023102334
H 	   0.629415981336	   0.399388520599	  -1.325088739257
C 	   0.051199684486	  -0.149898387132	  -0.582277759951
N 	  -0.688770707641	   0.039507495943	   0.451094668458
Energy    = -131.858894962468 (-131.858894962468 :    0.000000000000)
Spin(**2) =    0.804942827777
ZPVE      =    0.024960375482
Normal mode eigenvalues : nmode = 9
 -0.006149681   0.003841987   0.007904469   0.022792179   0.030644056
  0.047450499   0.078605997   0.289780603   0.381867557
CONNECTION : 13 - 33

# Geometry of TS 68, SYMMETRY = C1  
C 	   0.097323165087	   0.728919592336	  -0.362039652101
H 	   0.229461920855	   1.873818974375	   1.262322940750
H 	   0.453825182372	   1.605729369163	  -0.876620380895
C 	  -0.840292850108	  -0.207634629139	   0.224186449113
N 	   0.499040006233	  -0.536703599559	  -0.243803365718
Energy    = -131.824043715075 (-131.824043715075 :    0.000000000000)
Spin(**2) =    0.761338050861
ZPVE      =    0.021032252945
Normal mode eigenvalues : nmode = 9
 -0.018523753   0.001790901   0.005417868   0.020323940   0.032390800
  0.037190331   0.055586657   0.082467508   0.411788908
CONNECTION : 0 - DC

# Geometry of TS 69, SYMMETRY = Cs  
C 	  -0.090270858167	   0.485580463006	  -0.130415307123
H 	   0.592580066599	   2.464955778172	   0.786702741249
H 	   0.271238828644	   1.717494100046	   0.419674820528
C 	  -0.877431116942	  -0.567599421105	  -0.761579801192
N 	   0.543240504298	  -0.636301212944	  -0.310336462319
Energy    = -131.809737085527 (-131.809737085527 :    0.000000000000)
Spin(**2) =    0.757795587350
ZPVE      =    0.017787502871
Normal mode eigenvalues : nmode = 9
 -0.050893267   0.001032839   0.002186445   0.017337475   0.043184924
  0.047702793   0.049724766   0.086628417   0.133064335
CONNECTION : DC - DC

# Geometry of TS 70, SYMMETRY = C1  
C 	   0.436151744075	   0.317221794083	  -0.135209790558
H 	  -0.766892198936	   1.554657095405	   1.062717346399
H 	   0.185459846660	   1.298040138832	  -0.792593921991
C 	  -0.794573631437	   0.763603214184	   0.294076359068
N 	   1.379211664073	  -0.469392535329	  -0.424944001776
Energy    = -131.894768925606 (-131.894768925606 :    0.000000000000)
Spin(**2) =    0.763826330740
ZPVE      =    0.024564315620
Normal mode eigenvalues : nmode = 9
 -0.078312758   0.007748305   0.008859246   0.026793399   0.030766534
  0.047057093   0.109994863   0.187478841   0.353732319
CONNECTION : 0 - 5

# Geometry of TS 71, SYMMETRY = Cs  
C 	   0.033645940858	   1.182632335194	   1.225471820320
H 	   0.837607076142	   1.718552876727	   0.645332861218
H 	   0.645845357631	   0.165809589385	  -1.481766364833
C 	  -0.014791599599	  -0.061591040373	  -0.665792774824
N 	  -0.582077983902	  -0.015387138799	   0.418673036463
Energy    = -131.863716672149 (-131.863716672149 :    0.000000000000)
Spin(**2) =    1.090260579482
ZPVE      =    0.024296820812
Normal mode eigenvalues : nmode = 9
 -0.020401181   0.002113810   0.005417203   0.010704094   0.014597544
  0.042308442   0.107871641   0.291625394   0.431268253
CONNECTION : 13 - 13

# Geometry of TS 72, SYMMETRY = Cs  
C 	   0.362867743164	   0.894006785199	   0.396016803578
H 	   0.757609469390	   1.710328691863	   0.973691876039
H 	  -0.450685029158	   1.255587274037	  -0.748546591623
C 	  -0.560871947699	  -0.037500938146	  -0.936900775570
N 	   0.330437188733	  -0.358292105780	   0.319784678720
Energy    = -131.856106501934 (-131.856106501934 :    0.000000000000)
Spin(**2) =    0.761143022826
ZPVE      =    0.023606028691
Normal mode eigenvalues : nmode = 9
 -0.044715342   0.004057572   0.006831423   0.021266887   0.027399593
  0.036735140   0.107274394   0.150471729   0.423701353
CONNECTION : 2 - 13

# Geometry of TS 73, SYMMETRY = C1  
C 	  -0.281041524640	   1.101233887061	  -0.863553458258
H 	   0.850980210785	   0.316708151150	   0.595249526791
H 	   0.594994097604	   1.372555730570	  -1.456434401298
C 	  -0.985002550528	  -0.051817369481	   1.291124753480
N 	  -0.151683882884	   0.436066613039	   0.376439590026
Energy    = -131.841716196399 (-131.841716196399 :    0.000000000000)
Spin(**2) =    1.629480645545
ZPVE      =    0.026770044798
Normal mode eigenvalues : nmode = 9
 -0.000031267   0.000999136   0.018173553   0.027002481   0.036161511
  0.062121315   0.069115144   0.374766949   0.410477465
CONNECTION : 20 - 55

# Geometry of TS 74, SYMMETRY = C1  
C 	   0.076648551171	   1.544617889830	  -0.623599839129
H 	   0.844555699322	   0.301388354327	   0.683534006018
H 	   0.277741419566	   1.031841747890	  -1.595457160046
C 	  -1.027774488789	  -0.176795167785	   1.074591122130
N 	  -0.142924830930	   0.473694188078	   0.403757881763
Energy    = -131.829555734120 (-131.829555734120 :    0.000000000000)
Spin(**2) =    1.105820349709
ZPVE      =    0.024663383523
Normal mode eigenvalues : nmode = 9
 -0.009629415   0.001188672   0.012501031   0.012711928   0.034409234
  0.044802306   0.066908456   0.316207656   0.395435364
CONNECTION : 20 - 26

# Geometry of TS 75, SYMMETRY = C1  
C 	   0.790066340703	   2.542694914597	   0.818424752794
H 	   0.903855815187	   0.391104886294	   0.439838524118
H 	   0.349570896550	   0.449945567970	  -1.183668554972
C 	  -0.983647734013	  -0.416107210797	   0.144356139930
N 	   0.136273467229	   0.182006409903	  -0.218776884425
Energy    = -131.732188135369 (-131.732188135369 :    0.000000000000)
Spin(**2) =    1.753614424320
ZPVE      =    0.026798467311
Normal mode eigenvalues : nmode = 9
 -0.003794484   0.000796551   0.000908092   0.024756429   0.041713493
  0.067428291   0.103035523   0.393682763   0.435992187
CONNECTION : 27 - DC

# Geometry of TS 76, SYMMETRY = C1  
C 	   0.690672664524	   2.011440177578	   0.371726542887
H 	   0.563683502289	   1.044291869626	   0.910424095116
H 	   0.828798518780	   1.865610173730	  -0.716518679734
C 	  -0.758908353933	  -1.352442806491	  -0.483344064197
N 	  -0.128127546004	  -0.419254846466	  -0.082113916627
Energy    = -131.815659180564 (-131.815659180564 :    0.000000000000)
Spin(**2) =    0.817687514560
ZPVE      =    0.023094380765
Normal mode eigenvalues : nmode = 9
 -0.003553079   0.000241167   0.000502133   0.002884215   0.006159466
  0.057606607   0.157785850   0.317977761   0.360945044
CONNECTION : 35 - 2

# Geometry of TS 77, SYMMETRY = C1  
C 	   1.004306741164	   1.210396876905	   0.274523275668
H 	   0.915384758537	   1.486733261016	   1.341954265991
H 	   0.011118207514	   0.694379320909	  -1.660963405651
C 	  -0.750765133639	  -0.593208299734	   0.159310243786
N 	   0.016074212083	   0.351343408871	  -0.114650402349
Energy    = -131.804566255173 (-131.804566255173 :    0.000000000000)
Spin(**2) =    1.394289573556
ZPVE      =    0.020278637657
Normal mode eigenvalues : nmode = 9
 -0.071002268   0.003263943   0.009127192   0.011209887   0.026512701
  0.035372345   0.048034107   0.102756336   0.339231506
CONNECTION : 26 - DC

# Geometry of TS 78, SYMMETRY = C2v 
C 	   1.278016488955	   2.930681741613	   0.664177969762
H 	   0.216383998258	   0.366106682002	   0.808777963365
H 	   0.233003911607	   0.830388382340	  -0.827324754922
C 	  -0.527195746935	  -1.068559181085	  -0.489921731547
N 	  -0.004089866230	   0.091026943110	  -0.155535469216
Energy    = -131.748868435467 (-131.748868435467 :    0.000000000000)
Spin(**2) =    1.738731650790
ZPVE      =    0.026764579983
Normal mode eigenvalues : nmode = 9
 -0.000581145   0.000049826   0.000355436   0.028516219   0.040801144
  0.074128436   0.104384999   0.415018693   0.421331622
CONNECTION : DC - DC

# Geometry of TS 79, SYMMETRY = C2v 
C 	   1.240425295623	   1.742939417006	   0.342437669958
H 	   0.306926804881	   1.542878165772	   0.912250521404
H 	   1.356852728120	   1.034759452643	  -0.506719378407
C 	  -0.467182989736	  -0.155439148597	  -0.241616532348
N 	  -1.240903053231	  -1.015493318845	  -0.506178303166
Energy    = -131.820965180996 (-131.820965180996 :    0.000000000000)
Spin(**2) =    0.758489306832
ZPVE      =    0.024101436842
Normal mode eigenvalues : nmode = 9
 -0.001140489   0.000401427   0.000581581   0.003082121   0.023437226
  0.051690857   0.169433101   0.324265038   0.356235405
CONNECTION : DC - DC

# Geometry of TS 80, SYMMETRY = C2v 
C 	   1.017223710795	   1.492688796177	   0.094825931659
H 	   0.488214040863	   0.781766979407	   1.280950963272
H 	  -0.045849045379	   0.456089326675	  -1.466499705694
C 	  -0.410042981575	  -0.154329571622	   0.567499712225
N 	   0.146573060954	   0.573429037332	  -0.476602924015
Energy    = -131.815248371484 (-131.815248371484 :    0.000000000000)
Spin(**2) =    0.763030292096
ZPVE      =    0.027398896189
Normal mode eigenvalues : nmode = 9
 -0.130337989   0.023060081   0.035360591   0.041054208   0.053080535
  0.060986772   0.071371313   0.128295572   0.482199710
CONNECTION : 58 - 58

# Geometry of TS 81, SYMMETRY = Cs  
C 	   1.866206893977	   2.525739391263	   1.775278983658
H 	   1.254929416419	   1.600675686489	   1.517247213654
H 	  -1.201622675994	  -0.907487099366	  -1.844924845333
C 	  -0.658831883517	  -0.343475222191	  -1.120168847249
N 	  -0.064562965233	   0.274191811772	  -0.327258527295
Energy    = -131.864617820192 (-131.864617820192 :    0.000000000000)
Spin(**2) =    0.768679067176
ZPVE      =    0.023081308104
Normal mode eigenvalues : nmode = 9
 -0.000570344   0.000031670   0.000037605   0.000448297   0.023047184
  0.023087451   0.175525311   0.285927327   0.463157551
CONNECTION : DC - DC

# Geometry of TS 82, SYMMETRY = Cs  
C 	  -1.109225783464	   0.974801611696	   0.561814893555
H 	   1.153155561395	   1.103494583734	   0.310949846969
H 	   0.257897859141	   0.890256766570	  -1.260704363148
C 	   0.280503945731	   0.658135315767	  -0.186816897850
N 	   0.003581039697	  -0.687631053741	   0.153508876370
Energy    = -131.810974248854 (-131.810974248854 :    0.000000000000)
Spin(**2) =    1.727833807993
ZPVE      =    0.028302814710
Normal mode eigenvalues : nmode = 9
 -0.007414612   0.013415741   0.038296264   0.041049101   0.043986275
  0.049356232   0.084496146   0.340338292   0.356062315
CONNECTION : 18 - 0

# Geometry of TS 83, SYMMETRY = Cs  
C 	   1.001435271335	   1.475142088071	   0.232818878663
H 	   1.178948216447	   1.398609478662	   1.312930915530
H 	   0.054367758399	   0.782863572187	  -1.397201017611
C 	  -1.267175153996	  -1.229856883340	   0.245358204979
N 	   0.228542693473	   0.722886312391	  -0.393733004115
Energy    = -131.777357357645 (-131.777357357645 :    0.000000000000)
Spin(**2) =    1.527744304007
ZPVE      =    0.026990307544
Normal mode eigenvalues : nmode = 9
 -0.000411867   0.001106426   0.002056883   0.035680817   0.038133547
  0.051491575   0.116174526   0.356000550   0.459023068
CONNECTION : 29 - DC

# Geometry of TS 84, SYMMETRY = Cs  
C 	  -0.729854689314	   1.478194840244	   0.282049751471
H 	   0.840610073565	   1.144564727432	   0.434153726309
H 	  -0.028312785386	   0.934454986740	  -1.064420259183
C 	   0.083086550307	   0.338056934096	  -0.029461685004
N 	   0.420383473330	  -0.956214264488	  -0.043569177699
Energy    = -131.786577034821 (-131.786577034821 :    0.000000000000)
Spin(**2) =    1.057642250081
ZPVE      =    0.023833318021
Normal mode eigenvalues : nmode = 9
 -0.062534051   0.009993716   0.012929966   0.037931745   0.053288047
  0.060744057   0.068392147   0.191307395   0.202942662
CONNECTION : 0 - 0

# Geometry of TS 85, SYMMETRY = Cs  
C 	  -0.406398514493	   1.057641526931	  -0.599464878600
H 	   1.178724123247	   0.888691228874	   0.800204033680
H 	  -1.050280975424	   1.631387146835	  -1.230201896542
C 	   0.418446648040	   0.339206042140	   0.208881444781
N 	   0.445421341133	  -0.977868720755	   0.399333652578
Energy    = -131.898175158924 (-131.898175158924 :    0.000000000000)
Spin(**2) =    1.765171764628
ZPVE      =    0.026599600596
Normal mode eigenvalues : nmode = 9
 -0.018298437   0.002351849   0.011475554   0.024006396   0.051653117
  0.059517911   0.065158106   0.318052968   0.449352842
CONNECTION : 7 - 9

# Geometry of TS 86, SYMMETRY = C2v 
C 	  -1.356810402132	   1.055811576325	   0.644730007559
H 	   0.567420909353	   0.752180938589	  -0.598273477290
H 	   1.458886516334	   0.939618058056	  -1.527957559271
C 	  -0.470009255203	  -0.173399881735	   1.247623528614
N 	  -0.172653094852	   0.596720117710	   0.173603670375
Energy    = -131.778477864531 (-131.778477864531 :    0.000000000000)
Spin(**2) =    0.754483218743
ZPVE      =    0.018346157384
Normal mode eigenvalues : nmode = 9
 -0.013933643   0.002940054   0.003048579   0.015960445   0.039116766
  0.042876905   0.067402377   0.074750012   0.154408028
CONNECTION : DC - 56

# Geometry of TS 87, SYMMETRY = Cs  
C 	  -1.151841789544	   0.193949941650	  -0.304561514110
H 	   1.833886212049	   1.135054956400	   0.157004124060
H 	  -0.820349387535	   0.566675408552	  -1.306815238464
C 	   0.825253805494	   0.768523826324	   0.192113614374
N 	  -0.101036217962	   0.274853091092	   0.841011370037
Energy    = -131.863904047316 (-131.863904047316 :    0.000000000000)
Spin(**2) =    1.120134260496
ZPVE      =    0.024577301382
Normal mode eigenvalues : nmode = 9
 -0.011747706   0.002271344   0.007480907   0.009338745   0.016933568
  0.038373950   0.108767696   0.309287907   0.430238024
CONNECTION : 13 - 13

# Geometry of TS 88, SYMMETRY = Cs  
C 	  -0.867806682449	   1.441949972384	   0.360882471837
H 	   0.885533657488	   1.093250706838	   0.468029107037
H 	  -0.013655235800	   0.879029078841	  -1.108320027703
C 	   0.133990013406	   0.414739097627	  -0.070140519300
N 	   0.447850869857	  -0.889911631667	  -0.071698675978
Energy    = -131.782988043822 (-131.782988043822 :    0.000000000000)
Spin(**2) =    1.246992507666
ZPVE      =    0.023768491102
Normal mode eigenvalues : nmode = 9
 -0.042201037   0.010048296   0.012294122   0.018579296   0.038910149
  0.049103608   0.064889187   0.250535493   0.258126742
CONNECTION : 18 - 2

# Geometry of TS 89, SYMMETRY = Cs  
C 	  -0.968183177225	   1.331845869570	   0.377738553006
H 	   0.704696896109	  -0.114291568649	  -0.110203824173
H 	   1.408218470941	   1.616644285269	  -2.053450676180
C 	  -1.011002607031	   0.064447670060	   1.363983635675
N 	  -0.106894909294	   0.272284552698	   0.361658481661
Energy    = -131.778747702667 (-131.778747702667 :    0.000000000000)
Spin(**2) =    0.750023865955
ZPVE      =    0.020173311599
Normal mode eigenvalues : nmode = 9
 -0.000162803   0.000049108   0.000737592   0.018382367   0.028375197
  0.032761358   0.061509694   0.073127001   0.469200117
CONNECTION : 20 - 56

# Geometry of TS 90, SYMMETRY = Cs  
C 	  -0.774592111409	   1.386363524056	   0.739874534744
H 	  -0.304209867536	   0.068124290109	  -1.063057366234
H 	   1.274862793230	   1.109599128870	  -0.785281776594
C 	  -0.017974233510	   0.116972997791	   1.200855265687
N 	  -0.151251907275	   0.489870868119	  -0.152664487617
Energy    = -131.761486821424 (-131.761486821424 :    0.000000000000)
Spin(**2) =    0.779227386917
ZPVE      =    0.021780023062
Normal mode eigenvalues : nmode = 9
 -0.062215566   0.003015130   0.015628349   0.021530935   0.023555876
  0.048009442   0.051424031   0.060950451   0.471848177
CONNECTION : 27 - DC

# Geometry of TS 91, SYMMETRY = C1  
C 	  -1.602055085649	   0.687881044148	   1.164073662710
H 	   1.152986198126	   1.236003415482	   0.248598199851
H 	   0.514557477878	   0.868079121744	  -1.466491941724
C 	   0.558574584201	   0.589541300564	  -0.407259050369
N 	  -0.038150552053	  -0.442447657914	   0.039831485426
Energy    = -131.787145338620 (-131.787145338620 :    0.000000000000)
Spin(**2) =    1.760025176607
ZPVE      =    0.026259410232
Normal mode eigenvalues : nmode = 9
 -0.002381174   0.000873986   0.001664439   0.035988704   0.039004577
  0.075905771   0.097557101   0.349425479   0.366957900
CONNECTION : 2 - 2
